Using pre-set license
Built from '2022.3/staging' branch; Version is '2022.3.4f1 (35713cd46cd7) revision 3502396'; Using compiler version '192829333'; Build Type 'Release'
OS: 'Windows 11  (10.0.22631) 64bit CoreSingleLanguage' Language: 'en' Physical Memory: 7421 MB
BatchMode: 1, IsHumanControllingUs: 0, StartBugReporterOnCrash: 0, Is64bit: 1, IsPro: 1

COMMAND LINE ARGUMENTS:
E:\Unity\2022.3.4f1\Editor\Unity.exe
-adb2
-batchMode
-noUpm
-name
AssetImportWorker3
-projectPath
E:/Workspace/Billiard-3D/Billiard
-logFile
Logs/AssetImportWorker3.log
-srvPort
62722
Successfully changed project path to: E:/Workspace/Billiard-3D/Billiard
E:/Workspace/Billiard-3D/Billiard
[UnityMemory] Configuration Parameters - Can be set up in boot.config
    "memorysetup-bucket-allocator-granularity=16"
    "memorysetup-bucket-allocator-bucket-count=8"
    "memorysetup-bucket-allocator-block-size=33554432"
    "memorysetup-bucket-allocator-block-count=8"
    "memorysetup-main-allocator-block-size=16777216"
    "memorysetup-thread-allocator-block-size=16777216"
    "memorysetup-gfx-main-allocator-block-size=16777216"
    "memorysetup-gfx-thread-allocator-block-size=16777216"
    "memorysetup-cache-allocator-block-size=4194304"
    "memorysetup-typetree-allocator-block-size=2097152"
    "memorysetup-profiler-bucket-allocator-granularity=16"
    "memorysetup-profiler-bucket-allocator-bucket-count=8"
    "memorysetup-profiler-bucket-allocator-block-size=33554432"
    "memorysetup-profiler-bucket-allocator-block-count=8"
    "memorysetup-profiler-allocator-block-size=16777216"
    "memorysetup-profiler-editor-allocator-block-size=1048576"
    "memorysetup-temp-allocator-size-main=16777216"
    "memorysetup-job-temp-allocator-block-size=2097152"
    "memorysetup-job-temp-allocator-block-size-background=1048576"
    "memorysetup-job-temp-allocator-reduction-small-platforms=262144"
    "memorysetup-allocator-temp-initial-block-size-main=262144"
    "memorysetup-allocator-temp-initial-block-size-worker=262144"
    "memorysetup-temp-allocator-size-background-worker=32768"
    "memorysetup-temp-allocator-size-job-worker=262144"
    "memorysetup-temp-allocator-size-preload-manager=33554432"
    "memorysetup-temp-allocator-size-nav-mesh-worker=65536"
    "memorysetup-temp-allocator-size-audio-worker=65536"
    "memorysetup-temp-allocator-size-cloud-worker=32768"
    "memorysetup-temp-allocator-size-gi-baking-worker=262144"
    "memorysetup-temp-allocator-size-gfx=262144"
Player connection [13944] Host "[IP] 26.205.146.86 [Port] 0 [Flags] 2 [Guid] 3105687371 [EditorId] 3105687371 [Version] 1048832 [Id] WindowsEditor(7,LAPTOP-LUB6K53Q) [Debug] 1 [PackageName] WindowsEditor [ProjectName] Editor" joined multi-casting on [225.0.0.222:54997]...

Player connection [13944] Host "[IP] 26.205.146.86 [Port] 0 [Flags] 2 [Guid] 3105687371 [EditorId] 3105687371 [Version] 1048832 [Id] WindowsEditor(7,LAPTOP-LUB6K53Q) [Debug] 1 [PackageName] WindowsEditor [ProjectName] Editor" joined alternative multi-casting on [225.0.0.222:34997]...

Refreshing native plugins compatible for Editor in 42.44 ms, found 7 plugins.
Preloading 0 native plugins for Editor in 0.00 ms.
Initialize engine version: 2022.3.4f1 (35713cd46cd7)
[Subsystems] Discovering subsystems at path E:/Unity/2022.3.4f1/Editor/Data/Resources/UnitySubsystems
[Subsystems] Discovering subsystems at path E:/Workspace/Billiard-3D/Billiard/Assets
GfxDevice: creating device client; threaded=0; jobified=0
Direct3D:
    Version:  Direct3D 11.0 [level 11.1]
    Renderer: NVIDIA GeForce RTX 3050 Ti Laptop GPU (ID=0x25a0)
    Vendor:   NVIDIA
    VRAM:     3977 MB
    Driver:   31.0.15.4680
Initialize mono
Mono path[0] = 'E:/Unity/2022.3.4f1/Editor/Data/Managed'
Mono path[1] = 'E:/Unity/2022.3.4f1/Editor/Data/MonoBleedingEdge/lib/mono/unityjit-win32'
Mono config path = 'E:/Unity/2022.3.4f1/Editor/Data/MonoBleedingEdge/etc'
Using monoOptions --debugger-agent=transport=dt_socket,embedding=1,server=y,suspend=n,address=127.0.0.1:56460
Begin MonoManager ReloadAssembly
Registering precompiled unity dll's ...
Register platform support module: E:/Unity/2022.3.4f1/Editor/Data/PlaybackEngines/WebGLSupport/UnityEditor.WebGL.Extensions.dll
Register platform support module: E:/Unity/2022.3.4f1/Editor/Data/PlaybackEngines/WindowsStandaloneSupport/UnityEditor.WindowsStandalone.Extensions.dll
Registered in 0.005110 seconds.
- Loaded All Assemblies, in  0.393 seconds
Native extension for WindowsStandalone target not found
Native extension for WebGL target not found
Mono: successfully reloaded assembly
- Finished resetting the current domain, in  0.265 seconds
Domain Reload Profiling: 658ms
	BeginReloadAssembly (154ms)
		ExecutionOrderSort (0ms)
		DisableScriptedObjects (0ms)
		BackupInstance (0ms)
		ReleaseScriptingObjects (0ms)
		CreateAndSetChildDomain (1ms)
	RebuildCommonClasses (34ms)
	RebuildNativeTypeToScriptingClass (8ms)
	initialDomainReloadingComplete (53ms)
	LoadAllAssembliesAndSetupDomain (143ms)
		LoadAssemblies (152ms)
		RebuildTransferFunctionScriptingTraits (0ms)
		AnalyzeDomain (140ms)
			TypeCache.Refresh (139ms)
				TypeCache.ScanAssembly (126ms)
			ScanForSourceGeneratedMonoScriptInfo (0ms)
			ResolveRequiredComponents (1ms)
	FinalizeReload (266ms)
		ReleaseScriptCaches (0ms)
		RebuildScriptCaches (0ms)
		SetupLoadedEditorAssemblies (209ms)
			LogAssemblyErrors (0ms)
			InitializePlatformSupportModulesInManaged (10ms)
			SetLoadedEditorAssemblies (6ms)
			RefreshPlugins (0ms)
			BeforeProcessingInitializeOnLoad (4ms)
			ProcessInitializeOnLoadAttributes (145ms)
			ProcessInitializeOnLoadMethodAttributes (44ms)
			AfterProcessingInitializeOnLoad (0ms)
			EditorAssembliesLoaded (0ms)
		ExecutionOrderSort2 (0ms)
		AwakeInstancesAfterBackupRestoration (0ms)
========================================================================
Worker process is ready to serve import requests
Begin MonoManager ReloadAssembly
Symbol file LoadedFromMemory doesn't match image E:\Workspace\Billiard-3D\Billiard\Library\PackageCache\com.unity.visualscripting@1.8.0\Editor\VisualScripting.Core\Dependencies\YamlDotNet\Unity.VisualScripting.YamlDotNet.dll
Assembly 'Assets/ExternalDependencyManager/Editor/1.2.179/Google.IOSResolver.dll' will not be loaded due to errors:
Unable to resolve reference 'UnityEditor.iOS.Extensions.Xcode'. Is the assembly missing or incompatible with the current platform?
Reference validation can be disabled in the Plugin Inspector.
Symbol file LoadedFromMemory doesn't match image E:\Workspace\Billiard-3D\Billiard\Library\PackageCache\com.unity.visualscripting@1.8.0\Editor\VisualScripting.Core\Dependencies\DotNetZip\Unity.VisualScripting.IonicZip.dll
Assembly 'Assets/Firebase/Editor/Firebase.Editor.dll' will not be loaded due to errors:
Unable to resolve reference 'UnityEditor.iOS.Extensions.Xcode'. Is the assembly missing or incompatible with the current platform?
Reference validation can be disabled in the Plugin Inspector.
- Loaded All Assemblies, in  1.137 seconds
Refreshing native plugins compatible for Editor in 7.39 ms, found 7 plugins.
Native extension for WindowsStandalone target not found
Native extension for WebGL target not found
Mono: successfully reloaded assembly
- Finished resetting the current domain, in  0.729 seconds
Domain Reload Profiling: 1866ms
	BeginReloadAssembly (163ms)
		ExecutionOrderSort (0ms)
		DisableScriptedObjects (5ms)
		BackupInstance (0ms)
		ReleaseScriptingObjects (0ms)
		CreateAndSetChildDomain (23ms)
	RebuildCommonClasses (26ms)
	RebuildNativeTypeToScriptingClass (13ms)
	initialDomainReloadingComplete (42ms)
	LoadAllAssembliesAndSetupDomain (892ms)
		LoadAssemblies (603ms)
		RebuildTransferFunctionScriptingTraits (0ms)
		AnalyzeDomain (394ms)
			TypeCache.Refresh (357ms)
				TypeCache.ScanAssembly (324ms)
			ScanForSourceGeneratedMonoScriptInfo (30ms)
			ResolveRequiredComponents (7ms)
	FinalizeReload (729ms)
		ReleaseScriptCaches (0ms)
		RebuildScriptCaches (0ms)
		SetupLoadedEditorAssemblies (496ms)
			LogAssemblyErrors (0ms)
			InitializePlatformSupportModulesInManaged (7ms)
			SetLoadedEditorAssemblies (5ms)
			RefreshPlugins (0ms)
			BeforeProcessingInitializeOnLoad (77ms)
			ProcessInitializeOnLoadAttributes (383ms)
			ProcessInitializeOnLoadMethodAttributes (21ms)
			AfterProcessingInitializeOnLoad (3ms)
			EditorAssembliesLoaded (0ms)
		ExecutionOrderSort2 (0ms)
		AwakeInstancesAfterBackupRestoration (6ms)
Launched and connected shader compiler UnityShaderCompiler.exe after 0.06 seconds
Refreshing native plugins compatible for Editor in 6.25 ms, found 7 plugins.
Preloading 0 native plugins for Editor in 0.00 ms.
Unloading 3352 Unused Serialized files (Serialized files now loaded: 0)
Unloading 69 unused Assets / (72.7 KB). Loaded Objects now: 3797.
Memory consumption went from 127.8 MB to 127.8 MB.
Total: 7.587700 ms (FindLiveObjects: 0.590200 ms CreateObjectMapping: 0.190200 ms MarkObjects: 6.270500 ms  DeleteObjects: 0.534900 ms)

AssetImportParameters requested are different than current active one (requested -> active):
  custom:container-demuxer-ogg: 62fdf1f143b41e24485cea50d1cbac27 -> 
  custom:video-codec-MediaFoundation-h265: 746d11721c4dcdbdad8f713fa42b33f4 -> 
  custom:video-decoder-ogg-theora: a1e56fd34408186e4bbccfd4996cb3dc -> 
  custom:framework-win-MediaFoundation: 216162199b28c13a410421893ffa2e32 -> 
  custom:CustomObjectIndexerAttribute: 756ad292c208cfabdd7b50bc23989ffe -> 
  custom:container-demuxer-webm: 4f35f7cbe854078d1ac9338744f61a02 -> 
  custom:container-muxer-webm: aa71ff27fc2769a1b78a27578f13a17b -> 
  custom:video-decoder-webm-vp8: 9c59270c3fd7afecdb556c50c9e8de78 -> 
  custom:AudioImporter_EditorPlatform: d09bf68614088b80899f8185d706f6e7 -> 
  custom:video-encoder-webm-vp8: eb34c28f22e8b96e1ab97ce403110664 -> 
  custom:audio-decoder-ogg-vorbis: bf7c407c2cedff20999df2af8eb42d56 -> 
  custom:audio-encoder-webm-vorbis: bf7c407c2cedff20999df2af8eb42d56 -> 
========================================================================
Received Import Request.
  Time since last request: 52882.256085 seconds.
  path: Assets/Textures/brushed_concrete_03_diff_4k.jpg
  artifactKey: Guid(cb5181887d7d5ad4c986b5e2a75e4ffc) Importer(815301076,1909f56bfc062723c751e8b465ee728b)
Start importing Assets/Textures/brushed_concrete_03_diff_4k.jpg using Guid(cb5181887d7d5ad4c986b5e2a75e4ffc) Importer(815301076,1909f56bfc062723c751e8b465ee728b)  -> (artifact id: 'cc21d4d91d7c95d084c46c9ff3c24ba7') in 0.156079 seconds
Number of updated asset objects reloaded before import = 0
Number of asset objects unloaded after import = 2
========================================================================
Received Import Request.
  Time since last request: 0.000029 seconds.
  path: Assets/Textures/denmin_fabric_02_diff_4k.jpg
  artifactKey: Guid(c712203a33d34d64c9bd19843604398b) Importer(815301076,1909f56bfc062723c751e8b465ee728b)
Start importing Assets/Textures/denmin_fabric_02_diff_4k.jpg using Guid(c712203a33d34d64c9bd19843604398b) Importer(815301076,1909f56bfc062723c751e8b465ee728b)  -> (artifact id: '6346919ef90fecaad7b5a9fcedfeb45a') in 0.024071 seconds
Number of updated asset objects reloaded before import = 0
Number of asset objects unloaded after import = 2
========================================================================
Received Import Request.
  Time since last request: 0.000052 seconds.
  path: Assets/Textures/denmin_fabric_02_nor_gl_4k.exr
  artifactKey: Guid(84500dc54e7ec844382228cf9439e476) Importer(815301076,1909f56bfc062723c751e8b465ee728b)
Start importing Assets/Textures/denmin_fabric_02_nor_gl_4k.exr using Guid(84500dc54e7ec844382228cf9439e476) Importer(815301076,1909f56bfc062723c751e8b465ee728b)  -> (artifact id: '0f926a831b652334fe671a0f008832ea') in 0.025148 seconds
Number of updated asset objects reloaded before import = 0
Number of asset objects unloaded after import = 2
========================================================================
Received Import Request.
  Time since last request: 0.000043 seconds.
  path: Assets/Textures/laminate_floor_03_disp_4k.png
  artifactKey: Guid(bbdcb30f4d9ec9341bb3e03ab4fd4130) Importer(815301076,1909f56bfc062723c751e8b465ee728b)
Start importing Assets/Textures/laminate_floor_03_disp_4k.png using Guid(bbdcb30f4d9ec9341bb3e03ab4fd4130) Importer(815301076,1909f56bfc062723c751e8b465ee728b)  -> (artifact id: '4a0b14f4d464363ed93d652ebc3b07e5') in 0.011557 seconds
Number of updated asset objects reloaded before import = 0
Number of asset objects unloaded after import = 2
========================================================================
Received Import Request.
  Time since last request: 0.000019 seconds.
  path: Assets/Textures/laminate_floor_03_nor_gl_4k.exr
  artifactKey: Guid(2a67ebb46e4575f43856c44c824f0364) Importer(815301076,1909f56bfc062723c751e8b465ee728b)
Start importing Assets/Textures/laminate_floor_03_nor_gl_4k.exr using Guid(2a67ebb46e4575f43856c44c824f0364) Importer(815301076,1909f56bfc062723c751e8b465ee728b)  -> (artifact id: '90d31522222e180f72c061acaa6c5f73') in 0.015324 seconds
Number of updated asset objects reloaded before import = 0
Number of asset objects unloaded after import = 2
========================================================================
Received Import Request.
  Time since last request: 0.000029 seconds.
  path: Assets/Textures/dark_wood_diff_4k.jpg
  artifactKey: Guid(ac0f885cc32a2ee479dc779dca1d2c9f) Importer(815301076,1909f56bfc062723c751e8b465ee728b)
Start importing Assets/Textures/dark_wood_diff_4k.jpg using Guid(ac0f885cc32a2ee479dc779dca1d2c9f) Importer(815301076,1909f56bfc062723c751e8b465ee728b)  -> (artifact id: '67d19e72eb23ad60e2ab8869c8f235a1') in 0.012389 seconds
Number of updated asset objects reloaded before import = 0
Number of asset objects unloaded after import = 2
========================================================================
Received Import Request.
  Time since last request: 0.000024 seconds.
  path: Assets/Textures/brushed_concrete_03_rough_4k.exr
  artifactKey: Guid(8b515955c8ef8c54d96b71b5f1097ded) Importer(815301076,1909f56bfc062723c751e8b465ee728b)
Start importing Assets/Textures/brushed_concrete_03_rough_4k.exr using Guid(8b515955c8ef8c54d96b71b5f1097ded) Importer(815301076,1909f56bfc062723c751e8b465ee728b)  -> (artifact id: '974771756a8ed28cd9e844cfab43bb31') in 0.018860 seconds
Number of updated asset objects reloaded before import = 0
Number of asset objects unloaded after import = 2
========================================================================
Received Import Request.
  Time since last request: 0.000020 seconds.
  path: Assets/Textures/dark_wood_disp_4k.png
  artifactKey: Guid(1830323b392cb2d4e8ab9c2cd5e0805b) Importer(815301076,1909f56bfc062723c751e8b465ee728b)
Start importing Assets/Textures/dark_wood_disp_4k.png using Guid(1830323b392cb2d4e8ab9c2cd5e0805b) Importer(815301076,1909f56bfc062723c751e8b465ee728b)  -> (artifact id: '463aa404b48cf137ebeab648b022671a') in 0.012885 seconds
Number of updated asset objects reloaded before import = 0
Number of asset objects unloaded after import = 2
========================================================================
Received Import Request.
  Time since last request: 0.000239 seconds.
  path: Assets/Textures/brushed_concrete_03_nor_gl_4k.exr
  artifactKey: Guid(7f434bab8ad231049978088c64092f77) Importer(815301076,1909f56bfc062723c751e8b465ee728b)
Start importing Assets/Textures/brushed_concrete_03_nor_gl_4k.exr using Guid(7f434bab8ad231049978088c64092f77) Importer(815301076,1909f56bfc062723c751e8b465ee728b)  -> (artifact id: 'ca80d61d20251c05fb7b283b18ea6fb7') in 0.019440 seconds
Number of updated asset objects reloaded before import = 0
Number of asset objects unloaded after import = 2
========================================================================
Received Import Request.
  Time since last request: 0.000016 seconds.
  path: Assets/Textures/textura-da-tela-de-feltro-como-o-fundo-82642342.jpg
  artifactKey: Guid(93f669a4bc40645478d782c632c7b603) Importer(815301076,1909f56bfc062723c751e8b465ee728b)
Start importing Assets/Textures/textura-da-tela-de-feltro-como-o-fundo-82642342.jpg using Guid(93f669a4bc40645478d782c632c7b603) Importer(815301076,1909f56bfc062723c751e8b465ee728b)  -> (artifact id: '6a7d6bab6a0225e666779f75beb2f2a8') in 0.011498 seconds
Number of updated asset objects reloaded before import = 0
Number of asset objects unloaded after import = 2
========================================================================
Received Import Request.
  Time since last request: 0.000017 seconds.
  path: Assets/Textures/rusty_metal_02_disp_4k.png
  artifactKey: Guid(9f40967d7da3ba046a5779a66c103e10) Importer(815301076,1909f56bfc062723c751e8b465ee728b)
Start importing Assets/Textures/rusty_metal_02_disp_4k.png using Guid(9f40967d7da3ba046a5779a66c103e10) Importer(815301076,1909f56bfc062723c751e8b465ee728b)  -> (artifact id: '58821244a8d1bd59d4e451fd5f5269be') in 0.016182 seconds
Number of updated asset objects reloaded before import = 0
Number of asset objects unloaded after import = 2
========================================================================
Received Import Request.
  Time since last request: 0.000026 seconds.
  path: Assets/Textures/rusty_metal_02_rough_4k.jpg
  artifactKey: Guid(b61fc162208b9614fbda7ebe35976ff2) Importer(815301076,1909f56bfc062723c751e8b465ee728b)
Start importing Assets/Textures/rusty_metal_02_rough_4k.jpg using Guid(b61fc162208b9614fbda7ebe35976ff2) Importer(815301076,1909f56bfc062723c751e8b465ee728b)  -> (artifact id: '14e9ff9a1aaa62e95b18ff27e63ca3cd') in 0.013527 seconds
Number of updated asset objects reloaded before import = 0
Number of asset objects unloaded after import = 2
========================================================================
Received Import Request.
  Time since last request: 0.000018 seconds.
  path: Assets/Textures/dark_wood_rough_4k.exr
  artifactKey: Guid(03c3e6a7a6ab3264582cfcb645669a23) Importer(815301076,1909f56bfc062723c751e8b465ee728b)
Start importing Assets/Textures/dark_wood_rough_4k.exr using Guid(03c3e6a7a6ab3264582cfcb645669a23) Importer(815301076,1909f56bfc062723c751e8b465ee728b)  -> (artifact id: 'a9e3d4ad3931d70eeea63b9e425c198e') in 0.017231 seconds
Number of updated asset objects reloaded before import = 0
Number of asset objects unloaded after import = 2
========================================================================
Received Import Request.
  Time since last request: 0.000038 seconds.
  path: Assets/Textures/brushed_concrete_03_disp_4k.png
  artifactKey: Guid(7d0f8ae2cc540334084826eac6b59d40) Importer(815301076,1909f56bfc062723c751e8b465ee728b)
Start importing Assets/Textures/brushed_concrete_03_disp_4k.png using Guid(7d0f8ae2cc540334084826eac6b59d40) Importer(815301076,1909f56bfc062723c751e8b465ee728b)  -> (artifact id: '80b0721b225761ef4456597f5f254355') in 0.013968 seconds
Number of updated asset objects reloaded before import = 0
Number of asset objects unloaded after import = 2
========================================================================
Received Import Request.
  Time since last request: 0.000056 seconds.
  path: Assets/Textures/denmin_fabric_02_rough_4k.jpg
  artifactKey: Guid(6a071617e7930c34aa4c1cd6c4340c60) Importer(815301076,1909f56bfc062723c751e8b465ee728b)
Start importing Assets/Textures/denmin_fabric_02_rough_4k.jpg using Guid(6a071617e7930c34aa4c1cd6c4340c60) Importer(815301076,1909f56bfc062723c751e8b465ee728b)  -> (artifact id: '249842adb37b292c52facfba96326c27') in 0.010904 seconds
Number of updated asset objects reloaded before import = 0
Number of asset objects unloaded after import = 2
Editor requested this worker to shutdown with reason: Scaling down because of idle timeout
TcpMessagingSession - receive error: operation aborted. errorcode: 995, details: The I/O operation has been aborted because of either a thread exit or an application request.
AssetImportWorker is now disconnected from the server
Process exiting
Exiting without the bug reporter. Application will terminate with return code 0