Using pre-set license
Built from '2022.3/staging' branch; Version is '2022.3.4f1 (35713cd46cd7) revision 3502396'; Using compiler version '192829333'; Build Type 'Release'
OS: 'Windows 11  (10.0.22631) 64bit CoreSingleLanguage' Language: 'en' Physical Memory: 7421 MB
BatchMode: 1, IsHumanControllingUs: 0, StartBugReporterOnCrash: 0, Is64bit: 1, IsPro: 1

COMMAND LINE ARGUMENTS:
E:\Unity\2022.3.4f1\Editor\Unity.exe
-adb2
-batchMode
-noUpm
-name
AssetImportWorker8
-projectPath
E:/Workspace/Billiard-3D/Billiard
-logFile
Logs/AssetImportWorker8.log
-srvPort
51948
Successfully changed project path to: E:/Workspace/Billiard-3D/Billiard
E:/Workspace/Billiard-3D/Billiard
[UnityMemory] Configuration Parameters - Can be set up in boot.config
    "memorysetup-bucket-allocator-granularity=16"
    "memorysetup-bucket-allocator-bucket-count=8"
    "memorysetup-bucket-allocator-block-size=33554432"
    "memorysetup-bucket-allocator-block-count=8"
    "memorysetup-main-allocator-block-size=16777216"
    "memorysetup-thread-allocator-block-size=16777216"
    "memorysetup-gfx-main-allocator-block-size=16777216"
    "memorysetup-gfx-thread-allocator-block-size=16777216"
    "memorysetup-cache-allocator-block-size=4194304"
    "memorysetup-typetree-allocator-block-size=2097152"
    "memorysetup-profiler-bucket-allocator-granularity=16"
    "memorysetup-profiler-bucket-allocator-bucket-count=8"
    "memorysetup-profiler-bucket-allocator-block-size=33554432"
    "memorysetup-profiler-bucket-allocator-block-count=8"
    "memorysetup-profiler-allocator-block-size=16777216"
    "memorysetup-profiler-editor-allocator-block-size=1048576"
    "memorysetup-temp-allocator-size-main=16777216"
    "memorysetup-job-temp-allocator-block-size=2097152"
    "memorysetup-job-temp-allocator-block-size-background=1048576"
    "memorysetup-job-temp-allocator-reduction-small-platforms=262144"
    "memorysetup-allocator-temp-initial-block-size-main=262144"
    "memorysetup-allocator-temp-initial-block-size-worker=262144"
    "memorysetup-temp-allocator-size-background-worker=32768"
    "memorysetup-temp-allocator-size-job-worker=262144"
    "memorysetup-temp-allocator-size-preload-manager=33554432"
    "memorysetup-temp-allocator-size-nav-mesh-worker=65536"
    "memorysetup-temp-allocator-size-audio-worker=65536"
    "memorysetup-temp-allocator-size-cloud-worker=32768"
    "memorysetup-temp-allocator-size-gi-baking-worker=262144"
    "memorysetup-temp-allocator-size-gfx=262144"
Player connection [21988] Host "[IP] 26.205.146.86 [Port] 0 [Flags] 2 [Guid] 3922918009 [EditorId] 3922918009 [Version] 1048832 [Id] WindowsEditor(7,LAPTOP-LUB6K53Q) [Debug] 1 [PackageName] WindowsEditor [ProjectName] Editor" joined multi-casting on [225.0.0.222:54997]...

Player connection [21988] Host "[IP] 26.205.146.86 [Port] 0 [Flags] 2 [Guid] 3922918009 [EditorId] 3922918009 [Version] 1048832 [Id] WindowsEditor(7,LAPTOP-LUB6K53Q) [Debug] 1 [PackageName] WindowsEditor [ProjectName] Editor" joined alternative multi-casting on [225.0.0.222:34997]...

Refreshing native plugins compatible for Editor in 25.79 ms, found 7 plugins.
Preloading 0 native plugins for Editor in 0.00 ms.
Initialize engine version: 2022.3.4f1 (35713cd46cd7)
[Subsystems] Discovering subsystems at path E:/Unity/2022.3.4f1/Editor/Data/Resources/UnitySubsystems
[Subsystems] Discovering subsystems at path E:/Workspace/Billiard-3D/Billiard/Assets
GfxDevice: creating device client; threaded=0; jobified=0
Direct3D:
    Version:  Direct3D 11.0 [level 11.1]
    Renderer: NVIDIA GeForce RTX 3050 Ti Laptop GPU (ID=0x25a0)
    Vendor:   NVIDIA
    VRAM:     3977 MB
    Driver:   31.0.15.4680
Initialize mono
Mono path[0] = 'E:/Unity/2022.3.4f1/Editor/Data/Managed'
Mono path[1] = 'E:/Unity/2022.3.4f1/Editor/Data/MonoBleedingEdge/lib/mono/unityjit-win32'
Mono config path = 'E:/Unity/2022.3.4f1/Editor/Data/MonoBleedingEdge/etc'
Using monoOptions --debugger-agent=transport=dt_socket,embedding=1,server=y,suspend=n,address=127.0.0.1:56720
Begin MonoManager ReloadAssembly
Registering precompiled unity dll's ...
Register platform support module: E:/Unity/2022.3.4f1/Editor/Data/PlaybackEngines/WebGLSupport/UnityEditor.WebGL.Extensions.dll
Register platform support module: E:/Unity/2022.3.4f1/Editor/Data/PlaybackEngines/WindowsStandaloneSupport/UnityEditor.WindowsStandalone.Extensions.dll
Registered in 0.003023 seconds.
- Loaded All Assemblies, in  0.270 seconds
Native extension for WindowsStandalone target not found
Native extension for WebGL target not found
Mono: successfully reloaded assembly
- Finished resetting the current domain, in  0.232 seconds
Domain Reload Profiling: 503ms
	BeginReloadAssembly (74ms)
		ExecutionOrderSort (0ms)
		DisableScriptedObjects (0ms)
		BackupInstance (0ms)
		ReleaseScriptingObjects (0ms)
		CreateAndSetChildDomain (1ms)
	RebuildCommonClasses (28ms)
	RebuildNativeTypeToScriptingClass (8ms)
	initialDomainReloadingComplete (44ms)
	LoadAllAssembliesAndSetupDomain (115ms)
		LoadAssemblies (74ms)
		RebuildTransferFunctionScriptingTraits (0ms)
		AnalyzeDomain (113ms)
			TypeCache.Refresh (112ms)
				TypeCache.ScanAssembly (102ms)
			ScanForSourceGeneratedMonoScriptInfo (0ms)
			ResolveRequiredComponents (0ms)
	FinalizeReload (233ms)
		ReleaseScriptCaches (0ms)
		RebuildScriptCaches (0ms)
		SetupLoadedEditorAssemblies (179ms)
			LogAssemblyErrors (0ms)
			InitializePlatformSupportModulesInManaged (7ms)
			SetLoadedEditorAssemblies (5ms)
			RefreshPlugins (0ms)
			BeforeProcessingInitializeOnLoad (2ms)
			ProcessInitializeOnLoadAttributes (121ms)
			ProcessInitializeOnLoadMethodAttributes (43ms)
			AfterProcessingInitializeOnLoad (0ms)
			EditorAssembliesLoaded (0ms)
		ExecutionOrderSort2 (0ms)
		AwakeInstancesAfterBackupRestoration (0ms)
========================================================================
Worker process is ready to serve import requests
Begin MonoManager ReloadAssembly
Symbol file LoadedFromMemory doesn't match image E:\Workspace\Billiard-3D\Billiard\Library\PackageCache\com.unity.visualscripting@1.8.0\Editor\VisualScripting.Core\Dependencies\YamlDotNet\Unity.VisualScripting.YamlDotNet.dll
Assembly 'Assets/ExternalDependencyManager/Editor/1.2.179/Google.IOSResolver.dll' will not be loaded due to errors:
Unable to resolve reference 'UnityEditor.iOS.Extensions.Xcode'. Is the assembly missing or incompatible with the current platform?
Reference validation can be disabled in the Plugin Inspector.
Symbol file LoadedFromMemory doesn't match image E:\Workspace\Billiard-3D\Billiard\Library\PackageCache\com.unity.visualscripting@1.8.0\Editor\VisualScripting.Core\Dependencies\DotNetZip\Unity.VisualScripting.IonicZip.dll
Assembly 'Assets/Firebase/Editor/Firebase.Editor.dll' will not be loaded due to errors:
Unable to resolve reference 'UnityEditor.iOS.Extensions.Xcode'. Is the assembly missing or incompatible with the current platform?
Reference validation can be disabled in the Plugin Inspector.
- Loaded All Assemblies, in  0.671 seconds
Refreshing native plugins compatible for Editor in 4.47 ms, found 7 plugins.
Native extension for WindowsStandalone target not found
Native extension for WebGL target not found
Mono: successfully reloaded assembly
- Finished resetting the current domain, in  0.464 seconds
Domain Reload Profiling: 1136ms
	BeginReloadAssembly (107ms)
		ExecutionOrderSort (0ms)
		DisableScriptedObjects (4ms)
		BackupInstance (0ms)
		ReleaseScriptingObjects (0ms)
		CreateAndSetChildDomain (22ms)
	RebuildCommonClasses (26ms)
	RebuildNativeTypeToScriptingClass (8ms)
	initialDomainReloadingComplete (36ms)
	LoadAllAssembliesAndSetupDomain (493ms)
		LoadAssemblies (266ms)
		RebuildTransferFunctionScriptingTraits (0ms)
		AnalyzeDomain (280ms)
			TypeCache.Refresh (260ms)
				TypeCache.ScanAssembly (243ms)
			ScanForSourceGeneratedMonoScriptInfo (17ms)
			ResolveRequiredComponents (4ms)
	FinalizeReload (465ms)
		ReleaseScriptCaches (0ms)
		RebuildScriptCaches (0ms)
		SetupLoadedEditorAssemblies (319ms)
			LogAssemblyErrors (0ms)
			InitializePlatformSupportModulesInManaged (5ms)
			SetLoadedEditorAssemblies (4ms)
			RefreshPlugins (0ms)
			BeforeProcessingInitializeOnLoad (48ms)
			ProcessInitializeOnLoadAttributes (237ms)
			ProcessInitializeOnLoadMethodAttributes (21ms)
			AfterProcessingInitializeOnLoad (3ms)
			EditorAssembliesLoaded (0ms)
		ExecutionOrderSort2 (0ms)
		AwakeInstancesAfterBackupRestoration (8ms)
Launched and connected shader compiler UnityShaderCompiler.exe after 0.06 seconds
Refreshing native plugins compatible for Editor in 5.59 ms, found 7 plugins.
Preloading 0 native plugins for Editor in 0.00 ms.
Unloading 3247 Unused Serialized files (Serialized files now loaded: 0)
Unloading 69 unused Assets / (73.0 KB). Loaded Objects now: 3692.
Memory consumption went from 125.5 MB to 125.4 MB.
Total: 4.464600 ms (FindLiveObjects: 0.899600 ms CreateObjectMapping: 0.187500 ms MarkObjects: 3.170600 ms  DeleteObjects: 0.205600 ms)

AssetImportParameters requested are different than current active one (requested -> active):
  custom:container-demuxer-ogg: 62fdf1f143b41e24485cea50d1cbac27 -> 
  custom:video-codec-MediaFoundation-h265: 746d11721c4dcdbdad8f713fa42b33f4 -> 
  custom:video-decoder-ogg-theora: a1e56fd34408186e4bbccfd4996cb3dc -> 
  custom:framework-win-MediaFoundation: 216162199b28c13a410421893ffa2e32 -> 
  custom:CustomObjectIndexerAttribute: 756ad292c208cfabdd7b50bc23989ffe -> 
  custom:container-demuxer-webm: 4f35f7cbe854078d1ac9338744f61a02 -> 
  custom:container-muxer-webm: aa71ff27fc2769a1b78a27578f13a17b -> 
  custom:video-decoder-webm-vp8: 9c59270c3fd7afecdb556c50c9e8de78 -> 
  custom:AudioImporter_EditorPlatform: d09bf68614088b80899f8185d706f6e7 -> 
  custom:video-encoder-webm-vp8: eb34c28f22e8b96e1ab97ce403110664 -> 
  custom:audio-decoder-ogg-vorbis: bf7c407c2cedff20999df2af8eb42d56 -> 
  custom:scripting/monoscript/fileName/Online_Ball.cs: 5c7f8a2d5b4cc83544b4c9a8a25f9072 -> 
  custom:audio-encoder-webm-vorbis: bf7c407c2cedff20999df2af8eb42d56 -> 
========================================================================
Received Import Request.
  Time since last request: 16742.197523 seconds.
  path: Assets/Resources/1.prefab
  artifactKey: Guid(5eec285809d6b404f89d684482696df1) Importer(815301076,1909f56bfc062723c751e8b465ee728b)
Start importing Assets/Resources/1.prefab using Guid(5eec285809d6b404f89d684482696df1) Importer(815301076,1909f56bfc062723c751e8b465ee728b)  -> (artifact id: '11b11c802d2bb4c1a0c503432f04c306') in 0.093705 seconds
Number of updated asset objects reloaded before import = 0
Number of asset objects unloaded after import = 13
========================================================================
Received Import Request.
  Time since last request: 0.896660 seconds.
  path: Assets/Resources/1.prefab
  artifactKey: Guid(5eec285809d6b404f89d684482696df1) Importer(815301076,1909f56bfc062723c751e8b465ee728b)
Start importing Assets/Resources/1.prefab using Guid(5eec285809d6b404f89d684482696df1) Importer(815301076,1909f56bfc062723c751e8b465ee728b)  -> (artifact id: '62be62c61c631257c12c4d559d6f90ae') in 0.033397 seconds
Number of updated asset objects reloaded before import = 0
Number of asset objects unloaded after import = 13
========================================================================
Received Import Request.
  Time since last request: 14.515813 seconds.
  path: Assets/Resources/1.prefab
  artifactKey: Guid(5eec285809d6b404f89d684482696df1) Importer(815301076,1909f56bfc062723c751e8b465ee728b)
Start importing Assets/Resources/1.prefab using Guid(5eec285809d6b404f89d684482696df1) Importer(815301076,1909f56bfc062723c751e8b465ee728b)  -> (artifact id: 'eceeb0e6ab135466feebcc127f9a6f5c') in 0.006310 seconds
Number of updated asset objects reloaded before import = 0
Number of asset objects unloaded after import = 13
========================================================================
Received Import Request.
  Time since last request: 12.011753 seconds.
  path: Assets/Resources/1.prefab
  artifactKey: Guid(5eec285809d6b404f89d684482696df1) Importer(815301076,1909f56bfc062723c751e8b465ee728b)
Start importing Assets/Resources/1.prefab using Guid(5eec285809d6b404f89d684482696df1) Importer(815301076,1909f56bfc062723c751e8b465ee728b)  -> (artifact id: 'cca249c12941a72909b4aad986d9342f') in 0.050779 seconds
Number of updated asset objects reloaded before import = 0
Number of asset objects unloaded after import = 13
========================================================================
Received Import Request.
  Time since last request: 0.000024 seconds.
  path: Assets/Resources/10.prefab
  artifactKey: Guid(bc69afe1f4c4d094c8ad4aaf735ac5f6) Importer(815301076,1909f56bfc062723c751e8b465ee728b)
Start importing Assets/Resources/10.prefab using Guid(bc69afe1f4c4d094c8ad4aaf735ac5f6) Importer(815301076,1909f56bfc062723c751e8b465ee728b)  -> (artifact id: 'be0f01ca2ec56babec129690b14ad9d4') in 0.074936 seconds
Number of updated asset objects reloaded before import = 0
Number of asset objects unloaded after import = 13
========================================================================
Received Import Request.
  Time since last request: 0.000020 seconds.
  path: Assets/Resources/8.prefab
  artifactKey: Guid(aa82f852eacf7cb47b009e83bd314785) Importer(815301076,1909f56bfc062723c751e8b465ee728b)
Start importing Assets/Resources/8.prefab using Guid(aa82f852eacf7cb47b009e83bd314785) Importer(815301076,1909f56bfc062723c751e8b465ee728b)  -> (artifact id: '4d099d183bcdb8d67a7129e85ff3ee65') in 0.073930 seconds
Number of updated asset objects reloaded before import = 0
Number of asset objects unloaded after import = 13
========================================================================
Received Import Request.
  Time since last request: 0.000025 seconds.
  path: Assets/Resources/15.prefab
  artifactKey: Guid(ebc281e422b89b24f8872c41b6ff29c7) Importer(815301076,1909f56bfc062723c751e8b465ee728b)
Start importing Assets/Resources/15.prefab using Guid(ebc281e422b89b24f8872c41b6ff29c7) Importer(815301076,1909f56bfc062723c751e8b465ee728b)  -> (artifact id: '386bb6d480db7d443f1e09e910bae512') in 0.036179 seconds
Number of updated asset objects reloaded before import = 0
Number of asset objects unloaded after import = 13
========================================================================
Received Import Request.
  Time since last request: 22.112389 seconds.
  path: Assets/Resources/1.prefab
  artifactKey: Guid(5eec285809d6b404f89d684482696df1) Importer(815301076,1909f56bfc062723c751e8b465ee728b)
Start importing Assets/Resources/1.prefab using Guid(5eec285809d6b404f89d684482696df1) Importer(815301076,1909f56bfc062723c751e8b465ee728b)  -> (artifact id: '3a9ad8a0c387323ac1ff4feb455826e1') in 0.025502 seconds
Number of updated asset objects reloaded before import = 0
Number of asset objects unloaded after import = 13
========================================================================
Received Import Request.
  Time since last request: 1.400217 seconds.
  path: Assets/Resources/2.prefab
  artifactKey: Guid(9a440c92006712046b0a5dbfb4178cec) Importer(815301076,1909f56bfc062723c751e8b465ee728b)
Start importing Assets/Resources/2.prefab using Guid(9a440c92006712046b0a5dbfb4178cec) Importer(815301076,1909f56bfc062723c751e8b465ee728b)  -> (artifact id: '95a00e73534bf97d4e0c418b339bc12a') in 0.006427 seconds
Number of updated asset objects reloaded before import = 0
Number of asset objects unloaded after import = 13
========================================================================
Received Import Request.
  Time since last request: 3.283589 seconds.
  path: Assets/Resources/3.prefab
  artifactKey: Guid(74c30455241e69c45844848a2965d773) Importer(815301076,1909f56bfc062723c751e8b465ee728b)
Start importing Assets/Resources/3.prefab using Guid(74c30455241e69c45844848a2965d773) Importer(815301076,1909f56bfc062723c751e8b465ee728b)  -> (artifact id: 'b39e84f90a06f7185a0f3f27961873a9') in 0.006586 seconds
Number of updated asset objects reloaded before import = 0
Number of asset objects unloaded after import = 13
========================================================================
Received Import Request.
  Time since last request: 3.104740 seconds.
  path: Assets/Resources/4.prefab
  artifactKey: Guid(333a6a3aaa88d754aa16c098ff2e32b1) Importer(815301076,1909f56bfc062723c751e8b465ee728b)
Start importing Assets/Resources/4.prefab using Guid(333a6a3aaa88d754aa16c098ff2e32b1) Importer(815301076,1909f56bfc062723c751e8b465ee728b)  -> (artifact id: '49a17790aed9a393855f0ea46af25671') in 0.026198 seconds
Number of updated asset objects reloaded before import = 0
Number of asset objects unloaded after import = 13
========================================================================
Received Import Request.
  Time since last request: 1.523439 seconds.
  path: Assets/Resources/5.prefab
  artifactKey: Guid(ebc149deda44ad94aa342566a8e9df5e) Importer(815301076,1909f56bfc062723c751e8b465ee728b)
Start importing Assets/Resources/5.prefab using Guid(ebc149deda44ad94aa342566a8e9df5e) Importer(815301076,1909f56bfc062723c751e8b465ee728b)  -> (artifact id: '2ed952bbd1c8861e81d6e10e2c03a58d') in 0.006958 seconds
Number of updated asset objects reloaded before import = 0
Number of asset objects unloaded after import = 13
========================================================================
Received Import Request.
  Time since last request: 1.563594 seconds.
  path: Assets/Resources/6.prefab
  artifactKey: Guid(5a3ad91413ec43d40bebff54806bfc06) Importer(815301076,1909f56bfc062723c751e8b465ee728b)
Start importing Assets/Resources/6.prefab using Guid(5a3ad91413ec43d40bebff54806bfc06) Importer(815301076,1909f56bfc062723c751e8b465ee728b)  -> (artifact id: 'edb22cb45fef9bc2573bd596b454db8c') in 0.006793 seconds
Number of updated asset objects reloaded before import = 0
Number of asset objects unloaded after import = 13
========================================================================
Received Import Request.
  Time since last request: 1.146118 seconds.
  path: Assets/Resources/7.prefab
  artifactKey: Guid(e45a4e3f5058a7d4ea13d89c0b98f1a0) Importer(815301076,1909f56bfc062723c751e8b465ee728b)
Start importing Assets/Resources/7.prefab using Guid(e45a4e3f5058a7d4ea13d89c0b98f1a0) Importer(815301076,1909f56bfc062723c751e8b465ee728b)  -> (artifact id: 'b664ff33f969adcbcbec1bc2d50c489a') in 0.021546 seconds
Number of updated asset objects reloaded before import = 0
Number of asset objects unloaded after import = 13
========================================================================
Received Import Request.
  Time since last request: 2.605990 seconds.
  path: Assets/Resources/8.prefab
  artifactKey: Guid(aa82f852eacf7cb47b009e83bd314785) Importer(815301076,1909f56bfc062723c751e8b465ee728b)
Start importing Assets/Resources/8.prefab using Guid(aa82f852eacf7cb47b009e83bd314785) Importer(815301076,1909f56bfc062723c751e8b465ee728b)  -> (artifact id: '3d9461f133dada5b00b72265592b67dc') in 0.025068 seconds
Number of updated asset objects reloaded before import = 0
Number of asset objects unloaded after import = 13
========================================================================
Received Import Request.
  Time since last request: 1.381430 seconds.
  path: Assets/Resources/9.prefab
  artifactKey: Guid(04e49113a1cf4ee4d935de7c2a54a66c) Importer(815301076,1909f56bfc062723c751e8b465ee728b)
Start importing Assets/Resources/9.prefab using Guid(04e49113a1cf4ee4d935de7c2a54a66c) Importer(815301076,1909f56bfc062723c751e8b465ee728b)  -> (artifact id: '73d73245ba2623619460bcbde8d9c704') in 0.025587 seconds
Number of updated asset objects reloaded before import = 0
Number of asset objects unloaded after import = 13
========================================================================
Received Import Request.
  Time since last request: 1.238828 seconds.
  path: Assets/Resources/10.prefab
  artifactKey: Guid(bc69afe1f4c4d094c8ad4aaf735ac5f6) Importer(815301076,1909f56bfc062723c751e8b465ee728b)
Start importing Assets/Resources/10.prefab using Guid(bc69afe1f4c4d094c8ad4aaf735ac5f6) Importer(815301076,1909f56bfc062723c751e8b465ee728b)  -> (artifact id: '795ef0a0bc1cc7da982627af6ce8d588') in 0.006614 seconds
Number of updated asset objects reloaded before import = 0
Number of asset objects unloaded after import = 13
========================================================================
Received Import Request.
  Time since last request: 1.381715 seconds.
  path: Assets/Resources/11.prefab
  artifactKey: Guid(d737d21100beb3847a82d58a8234a778) Importer(815301076,1909f56bfc062723c751e8b465ee728b)
Start importing Assets/Resources/11.prefab using Guid(d737d21100beb3847a82d58a8234a778) Importer(815301076,1909f56bfc062723c751e8b465ee728b)  -> (artifact id: '36855c53604b77001d8072a4b83abddf') in 0.007011 seconds
Number of updated asset objects reloaded before import = 0
Number of asset objects unloaded after import = 13
========================================================================
Received Import Request.
  Time since last request: 0.994225 seconds.
  path: Assets/Resources/12.prefab
  artifactKey: Guid(1c1b3bba3c8861c4a8abf282d258a4e9) Importer(815301076,1909f56bfc062723c751e8b465ee728b)
Start importing Assets/Resources/12.prefab using Guid(1c1b3bba3c8861c4a8abf282d258a4e9) Importer(815301076,1909f56bfc062723c751e8b465ee728b)  -> (artifact id: 'c60aec93d248073ecccf74dcbf4f1bf5') in 0.008271 seconds
Number of updated asset objects reloaded before import = 0
Number of asset objects unloaded after import = 13
========================================================================
Received Import Request.
  Time since last request: 0.887038 seconds.
  path: Assets/Resources/13.prefab
  artifactKey: Guid(fc587b2b445c5704e99d664052a8d373) Importer(815301076,1909f56bfc062723c751e8b465ee728b)
Start importing Assets/Resources/13.prefab using Guid(fc587b2b445c5704e99d664052a8d373) Importer(815301076,1909f56bfc062723c751e8b465ee728b)  -> (artifact id: 'a64a2108b782df7171fc94648fdda86c') in 0.009066 seconds
Number of updated asset objects reloaded before import = 0
Number of asset objects unloaded after import = 13
========================================================================
Received Import Request.
  Time since last request: 1.410414 seconds.
  path: Assets/Resources/14.prefab
  artifactKey: Guid(cc0c81e69630b5a43ac699d84d79e1fe) Importer(815301076,1909f56bfc062723c751e8b465ee728b)
Start importing Assets/Resources/14.prefab using Guid(cc0c81e69630b5a43ac699d84d79e1fe) Importer(815301076,1909f56bfc062723c751e8b465ee728b)  -> (artifact id: 'dd30b0bae854c024c4aeea474ca59b64') in 0.025327 seconds
Number of updated asset objects reloaded before import = 0
Number of asset objects unloaded after import = 13
========================================================================
Received Import Request.
  Time since last request: 2.050838 seconds.
  path: Assets/Resources/15.prefab
  artifactKey: Guid(ebc281e422b89b24f8872c41b6ff29c7) Importer(815301076,1909f56bfc062723c751e8b465ee728b)
Start importing Assets/Resources/15.prefab using Guid(ebc281e422b89b24f8872c41b6ff29c7) Importer(815301076,1909f56bfc062723c751e8b465ee728b)  -> (artifact id: 'f37425088f7a2f0a8ac77c10c1d0f2f8') in 0.006129 seconds
Number of updated asset objects reloaded before import = 0
Number of asset objects unloaded after import = 13
========================================================================
Received Import Request.
  Time since last request: 1.297525 seconds.
  path: Assets/Resources/white.prefab
  artifactKey: Guid(5ed58a476dbecc4488b6a10bd889b79b) Importer(815301076,1909f56bfc062723c751e8b465ee728b)
Start importing Assets/Resources/white.prefab using Guid(5ed58a476dbecc4488b6a10bd889b79b) Importer(815301076,1909f56bfc062723c751e8b465ee728b)  -> (artifact id: '8c458090c562989bb98f2e66e08f10fe') in 0.007125 seconds
Number of updated asset objects reloaded before import = 0
Number of asset objects unloaded after import = 13
========================================================================
Received Prepare
Refreshing native plugins compatible for Editor in 8.37 ms, found 7 plugins.
Preloading 0 native plugins for Editor in 0.00 ms.
Unloading 0 Unused Serialized files (Serialized files now loaded: 0)
Unloading 1 unused Assets / (0.8 KB). Loaded Objects now: 3701.
Memory consumption went from 75.4 MB to 75.4 MB.
Total: 6.862000 ms (FindLiveObjects: 0.658800 ms CreateObjectMapping: 0.401000 ms MarkObjects: 5.754300 ms  DeleteObjects: 0.046100 ms)

Prepare: number of updated asset objects reloaded= 0
AssetImportParameters requested are different than current active one (requested -> active):
  custom:container-demuxer-ogg: 62fdf1f143b41e24485cea50d1cbac27 -> 
  custom:video-codec-MediaFoundation-h265: 746d11721c4dcdbdad8f713fa42b33f4 -> 
  custom:video-decoder-ogg-theora: a1e56fd34408186e4bbccfd4996cb3dc -> 
  custom:framework-win-MediaFoundation: 216162199b28c13a410421893ffa2e32 -> 
  custom:CustomObjectIndexerAttribute: 756ad292c208cfabdd7b50bc23989ffe -> 
  custom:container-demuxer-webm: 4f35f7cbe854078d1ac9338744f61a02 -> 
  custom:container-muxer-webm: aa71ff27fc2769a1b78a27578f13a17b -> 
  custom:video-decoder-webm-vp8: 9c59270c3fd7afecdb556c50c9e8de78 -> 
  custom:AudioImporter_EditorPlatform: d09bf68614088b80899f8185d706f6e7 -> 
  custom:video-encoder-webm-vp8: eb34c28f22e8b96e1ab97ce403110664 -> 
  custom:audio-decoder-ogg-vorbis: bf7c407c2cedff20999df2af8eb42d56 -> 
  custom:scripting/monoscript/fileName/Online_Ball.cs: 5c7f8a2d5b4cc83544b4c9a8a25f9072 -> 
  custom:audio-encoder-webm-vorbis: bf7c407c2cedff20999df2af8eb42d56 -> 
========================================================================
Received Import Request.
  Time since last request: 83.765280 seconds.
  path: Assets/Resources/1.prefab
  artifactKey: Guid(5eec285809d6b404f89d684482696df1) Importer(815301076,1909f56bfc062723c751e8b465ee728b)
Start importing Assets/Resources/1.prefab using Guid(5eec285809d6b404f89d684482696df1) Importer(815301076,1909f56bfc062723c751e8b465ee728b)  -> (artifact id: '03511834675a946df58fada4ff3ba7eb') in 0.010646 seconds
Number of updated asset objects reloaded before import = 0
Number of asset objects unloaded after import = 14
========================================================================
Received Prepare
Refreshing native plugins compatible for Editor in 5.36 ms, found 7 plugins.
Preloading 0 native plugins for Editor in 0.00 ms.
Unloading 0 Unused Serialized files (Serialized files now loaded: 0)
Unloading 1 unused Assets / (0.8 KB). Loaded Objects now: 3701.
Memory consumption went from 75.4 MB to 75.4 MB.
Total: 3.777200 ms (FindLiveObjects: 0.270100 ms CreateObjectMapping: 0.161600 ms MarkObjects: 3.320300 ms  DeleteObjects: 0.023800 ms)

Prepare: number of updated asset objects reloaded= 0
AssetImportParameters requested are different than current active one (requested -> active):
  custom:container-demuxer-ogg: 62fdf1f143b41e24485cea50d1cbac27 -> 
  custom:video-codec-MediaFoundation-h265: 746d11721c4dcdbdad8f713fa42b33f4 -> 
  custom:video-decoder-ogg-theora: a1e56fd34408186e4bbccfd4996cb3dc -> 
  custom:framework-win-MediaFoundation: 216162199b28c13a410421893ffa2e32 -> 
  custom:CustomObjectIndexerAttribute: 756ad292c208cfabdd7b50bc23989ffe -> 
  custom:container-demuxer-webm: 4f35f7cbe854078d1ac9338744f61a02 -> 
  custom:container-muxer-webm: aa71ff27fc2769a1b78a27578f13a17b -> 
  custom:video-decoder-webm-vp8: 9c59270c3fd7afecdb556c50c9e8de78 -> 
  custom:AudioImporter_EditorPlatform: d09bf68614088b80899f8185d706f6e7 -> 
  custom:video-encoder-webm-vp8: eb34c28f22e8b96e1ab97ce403110664 -> 
  custom:audio-decoder-ogg-vorbis: bf7c407c2cedff20999df2af8eb42d56 -> 
  custom:scripting/monoscript/fileName/Online_Ball.cs: 5c7f8a2d5b4cc83544b4c9a8a25f9072 -> 
  custom:audio-encoder-webm-vorbis: bf7c407c2cedff20999df2af8eb42d56 -> 
========================================================================
Received Import Request.
  Time since last request: 149.423520 seconds.
  path: Assets/Physics Materials/Ball.physicMaterial
  artifactKey: Guid(cb4c7bc406a86be4d91fefe73008b4f2) Importer(815301076,1909f56bfc062723c751e8b465ee728b)
Start importing Assets/Physics Materials/Ball.physicMaterial using Guid(cb4c7bc406a86be4d91fefe73008b4f2) Importer(815301076,1909f56bfc062723c751e8b465ee728b)  -> (artifact id: 'd1255d1f2f8585cf5591baa432d588e8') in 0.002872 seconds
Number of updated asset objects reloaded before import = 0
Number of asset objects unloaded after import = 1
========================================================================
Received Import Request.
  Time since last request: 89.108805 seconds.
  path: Assets/Prefabs/Ball.prefab
  artifactKey: Guid(a2afd0d217b50b443a46107666453f17) Importer(815301076,1909f56bfc062723c751e8b465ee728b)
Start importing Assets/Prefabs/Ball.prefab using Guid(a2afd0d217b50b443a46107666453f17) Importer(815301076,1909f56bfc062723c751e8b465ee728b)  -> (artifact id: '8ce26825b6df592ffb74ff69b585d491') in 0.039505 seconds
Number of updated asset objects reloaded before import = 0
Number of asset objects unloaded after import = 15
========================================================================
Received Import Request.
  Time since last request: 0.419411 seconds.
  path: Assets/Resources/1.prefab
  artifactKey: Guid(5eec285809d6b404f89d684482696df1) Importer(815301076,1909f56bfc062723c751e8b465ee728b)
Start importing Assets/Resources/1.prefab using Guid(5eec285809d6b404f89d684482696df1) Importer(815301076,1909f56bfc062723c751e8b465ee728b)  -> (artifact id: '7f8000b27bdb60333a659105f5559203') in 0.008445 seconds
Number of updated asset objects reloaded before import = 0
Number of asset objects unloaded after import = 14
========================================================================
Received Import Request.
  Time since last request: 0.003191 seconds.
  path: Assets/Resources/3.prefab
  artifactKey: Guid(74c30455241e69c45844848a2965d773) Importer(815301076,1909f56bfc062723c751e8b465ee728b)
Start importing Assets/Resources/3.prefab using Guid(74c30455241e69c45844848a2965d773) Importer(815301076,1909f56bfc062723c751e8b465ee728b)  -> (artifact id: 'c20b21535a9cd2c40bd3ee46f49b4e7e') in 0.011690 seconds
Number of updated asset objects reloaded before import = 0
Number of asset objects unloaded after import = 14
========================================================================
Received Import Request.
  Time since last request: 0.000018 seconds.
  path: Assets/Resources/12.prefab
  artifactKey: Guid(1c1b3bba3c8861c4a8abf282d258a4e9) Importer(815301076,1909f56bfc062723c751e8b465ee728b)
Start importing Assets/Resources/12.prefab using Guid(1c1b3bba3c8861c4a8abf282d258a4e9) Importer(815301076,1909f56bfc062723c751e8b465ee728b)  -> (artifact id: '260f2dee27213b801936a49489cb7935') in 0.033455 seconds
Number of updated asset objects reloaded before import = 0
Number of asset objects unloaded after import = 14
========================================================================
Received Import Request.
  Time since last request: 0.000019 seconds.
  path: Assets/Resources/14.prefab
  artifactKey: Guid(cc0c81e69630b5a43ac699d84d79e1fe) Importer(815301076,1909f56bfc062723c751e8b465ee728b)
Start importing Assets/Resources/14.prefab using Guid(cc0c81e69630b5a43ac699d84d79e1fe) Importer(815301076,1909f56bfc062723c751e8b465ee728b)  -> (artifact id: '7c8fc9b9dd3957748cd909fe41ee524f') in 0.009729 seconds
Number of updated asset objects reloaded before import = 0
Number of asset objects unloaded after import = 14
========================================================================
Received Import Request.
  Time since last request: 0.000022 seconds.
  path: Assets/Resources/8.prefab
  artifactKey: Guid(aa82f852eacf7cb47b009e83bd314785) Importer(815301076,1909f56bfc062723c751e8b465ee728b)
Start importing Assets/Resources/8.prefab using Guid(aa82f852eacf7cb47b009e83bd314785) Importer(815301076,1909f56bfc062723c751e8b465ee728b)  -> (artifact id: '43beaf7c9234e2dd55b484a1190e6402') in 0.010060 seconds
Number of updated asset objects reloaded before import = 0
Number of asset objects unloaded after import = 14
========================================================================
Received Import Request.
  Time since last request: 0.000027 seconds.
  path: Assets/Resources/11.prefab
  artifactKey: Guid(d737d21100beb3847a82d58a8234a778) Importer(815301076,1909f56bfc062723c751e8b465ee728b)
Start importing Assets/Resources/11.prefab using Guid(d737d21100beb3847a82d58a8234a778) Importer(815301076,1909f56bfc062723c751e8b465ee728b)  -> (artifact id: 'ca5d3453a396de6bc3a9cca893f62e0b') in 0.011205 seconds
Number of updated asset objects reloaded before import = 0
Number of asset objects unloaded after import = 14
========================================================================
Received Import Request.
  Time since last request: 0.000030 seconds.
  path: Assets/Resources/4.prefab
  artifactKey: Guid(333a6a3aaa88d754aa16c098ff2e32b1) Importer(815301076,1909f56bfc062723c751e8b465ee728b)
Start importing Assets/Resources/4.prefab using Guid(333a6a3aaa88d754aa16c098ff2e32b1) Importer(815301076,1909f56bfc062723c751e8b465ee728b)  -> (artifact id: '9eb35826197fbd93063ac019894d5111') in 0.010458 seconds
Number of updated asset objects reloaded before import = 0
Number of asset objects unloaded after import = 14
========================================================================
Received Import Request.
  Time since last request: 0.000032 seconds.
  path: Assets/Resources/15.prefab
  artifactKey: Guid(ebc281e422b89b24f8872c41b6ff29c7) Importer(815301076,1909f56bfc062723c751e8b465ee728b)
Start importing Assets/Resources/15.prefab using Guid(ebc281e422b89b24f8872c41b6ff29c7) Importer(815301076,1909f56bfc062723c751e8b465ee728b)  -> (artifact id: 'f9b0f7ecbbfb077b1bf9719f2ef5c945') in 0.009442 seconds
Number of updated asset objects reloaded before import = 0
Number of asset objects unloaded after import = 14
========================================================================
Received Import Request.
  Time since last request: 0.000019 seconds.
  path: Assets/Resources/7.prefab
  artifactKey: Guid(e45a4e3f5058a7d4ea13d89c0b98f1a0) Importer(815301076,1909f56bfc062723c751e8b465ee728b)
Start importing Assets/Resources/7.prefab using Guid(e45a4e3f5058a7d4ea13d89c0b98f1a0) Importer(815301076,1909f56bfc062723c751e8b465ee728b)  -> (artifact id: 'f2e5e152e5eb8d412ae81b6dea23e8d3') in 0.008395 seconds
Number of updated asset objects reloaded before import = 0
Number of asset objects unloaded after import = 14
========================================================================
Received Import Request.
  Time since last request: 44.764590 seconds.
  path: Assets/Physics Materials/Edge.physicMaterial
  artifactKey: Guid(00779f7ecbaf01443af1c6453af84dba) Importer(815301076,1909f56bfc062723c751e8b465ee728b)
Start importing Assets/Physics Materials/Edge.physicMaterial using Guid(00779f7ecbaf01443af1c6453af84dba) Importer(815301076,1909f56bfc062723c751e8b465ee728b)  -> (artifact id: 'bf10a73f4ba42cc435172fd18f5d429e') in 0.001424 seconds
Number of updated asset objects reloaded before import = 0
Number of asset objects unloaded after import = 1
========================================================================
Received Prepare
Begin MonoManager ReloadAssembly
Symbol file LoadedFromMemory doesn't match image E:\Workspace\Billiard-3D\Billiard\Library\PackageCache\com.unity.visualscripting@1.8.0\Editor\VisualScripting.Core\Dependencies\YamlDotNet\Unity.VisualScripting.YamlDotNet.dll
Assembly 'Assets/ExternalDependencyManager/Editor/1.2.179/Google.IOSResolver.dll' will not be loaded due to errors:
Unable to resolve reference 'UnityEditor.iOS.Extensions.Xcode'. Is the assembly missing or incompatible with the current platform?
Reference validation can be disabled in the Plugin Inspector.
Symbol file LoadedFromMemory doesn't match image E:\Workspace\Billiard-3D\Billiard\Library\PackageCache\com.unity.visualscripting@1.8.0\Editor\VisualScripting.Core\Dependencies\DotNetZip\Unity.VisualScripting.IonicZip.dll
Assembly 'Assets/Firebase/Editor/Firebase.Editor.dll' will not be loaded due to errors:
Unable to resolve reference 'UnityEditor.iOS.Extensions.Xcode'. Is the assembly missing or incompatible with the current platform?
Reference validation can be disabled in the Plugin Inspector.
- Loaded All Assemblies, in  0.770 seconds
Refreshing native plugins compatible for Editor in 4.93 ms, found 7 plugins.
Native extension for WindowsStandalone target not found
Native extension for WebGL target not found
Mono: successfully reloaded assembly
- Finished resetting the current domain, in  0.647 seconds
Domain Reload Profiling: 1418ms
	BeginReloadAssembly (153ms)
		ExecutionOrderSort (0ms)
		DisableScriptedObjects (4ms)
		BackupInstance (0ms)
		ReleaseScriptingObjects (0ms)
		CreateAndSetChildDomain (55ms)
	RebuildCommonClasses (30ms)
	RebuildNativeTypeToScriptingClass (10ms)
	initialDomainReloadingComplete (34ms)
	LoadAllAssembliesAndSetupDomain (542ms)
		LoadAssemblies (319ms)
		RebuildTransferFunctionScriptingTraits (0ms)
		AnalyzeDomain (286ms)
			TypeCache.Refresh (281ms)
				TypeCache.ScanAssembly (267ms)
			ScanForSourceGeneratedMonoScriptInfo (0ms)
			ResolveRequiredComponents (4ms)
	FinalizeReload (648ms)
		ReleaseScriptCaches (0ms)
		RebuildScriptCaches (0ms)
		SetupLoadedEditorAssemblies (309ms)
			LogAssemblyErrors (0ms)
			InitializePlatformSupportModulesInManaged (7ms)
			SetLoadedEditorAssemblies (5ms)
			RefreshPlugins (0ms)
			BeforeProcessingInitializeOnLoad (57ms)
			ProcessInitializeOnLoadAttributes (220ms)
			ProcessInitializeOnLoadMethodAttributes (18ms)
			AfterProcessingInitializeOnLoad (2ms)
			EditorAssembliesLoaded (0ms)
		ExecutionOrderSort2 (0ms)
		AwakeInstancesAfterBackupRestoration (6ms)
Refreshing native plugins compatible for Editor in 9.03 ms, found 7 plugins.
Preloading 0 native plugins for Editor in 0.00 ms.
Unloading 3226 Unused Serialized files (Serialized files now loaded: 0)
Unloading 58 unused Assets / (47.2 KB). Loaded Objects now: 3704.
Memory consumption went from 125.8 MB to 125.8 MB.
Total: 3.575900 ms (FindLiveObjects: 0.288200 ms CreateObjectMapping: 0.150500 ms MarkObjects: 3.002800 ms  DeleteObjects: 0.133100 ms)

Prepare: number of updated asset objects reloaded= 0
AssetImportParameters requested are different than current active one (requested -> active):
  custom:container-demuxer-ogg: 62fdf1f143b41e24485cea50d1cbac27 -> 
  custom:video-codec-MediaFoundation-h265: 746d11721c4dcdbdad8f713fa42b33f4 -> 
  custom:video-decoder-ogg-theora: a1e56fd34408186e4bbccfd4996cb3dc -> 
  custom:framework-win-MediaFoundation: 216162199b28c13a410421893ffa2e32 -> 
  custom:CustomObjectIndexerAttribute: 756ad292c208cfabdd7b50bc23989ffe -> 
  custom:container-demuxer-webm: 4f35f7cbe854078d1ac9338744f61a02 -> 
  custom:container-muxer-webm: aa71ff27fc2769a1b78a27578f13a17b -> 
  custom:video-decoder-webm-vp8: 9c59270c3fd7afecdb556c50c9e8de78 -> 
  custom:AudioImporter_EditorPlatform: d09bf68614088b80899f8185d706f6e7 -> 
  custom:video-encoder-webm-vp8: eb34c28f22e8b96e1ab97ce403110664 -> 
  custom:audio-decoder-ogg-vorbis: bf7c407c2cedff20999df2af8eb42d56 -> 
  custom:scripting/monoscript/fileName/Online_Ball.cs: 5c7f8a2d5b4cc83544b4c9a8a25f9072 -> 
  custom:audio-encoder-webm-vorbis: bf7c407c2cedff20999df2af8eb42d56 -> 
========================================================================
Received Prepare
Refreshing native plugins compatible for Editor in 5.30 ms, found 7 plugins.
Preloading 0 native plugins for Editor in 0.00 ms.
Unloading 1 Unused Serialized files (Serialized files now loaded: 0)
Unloading 1 unused Assets / (3.0 KB). Loaded Objects now: 3704.
Memory consumption went from 75.7 MB to 75.7 MB.
Total: 3.665500 ms (FindLiveObjects: 0.271200 ms CreateObjectMapping: 0.157700 ms MarkObjects: 3.205400 ms  DeleteObjects: 0.029800 ms)

Prepare: number of updated asset objects reloaded= 0
AssetImportParameters requested are different than current active one (requested -> active):
  custom:container-demuxer-ogg: 62fdf1f143b41e24485cea50d1cbac27 -> 
  custom:video-codec-MediaFoundation-h265: 746d11721c4dcdbdad8f713fa42b33f4 -> 
  custom:video-decoder-ogg-theora: a1e56fd34408186e4bbccfd4996cb3dc -> 
  custom:framework-win-MediaFoundation: 216162199b28c13a410421893ffa2e32 -> 
  custom:CustomObjectIndexerAttribute: 756ad292c208cfabdd7b50bc23989ffe -> 
  custom:container-demuxer-webm: 4f35f7cbe854078d1ac9338744f61a02 -> 
  custom:container-muxer-webm: aa71ff27fc2769a1b78a27578f13a17b -> 
  custom:video-decoder-webm-vp8: 9c59270c3fd7afecdb556c50c9e8de78 -> 
  custom:AudioImporter_EditorPlatform: d09bf68614088b80899f8185d706f6e7 -> 
  custom:video-encoder-webm-vp8: eb34c28f22e8b96e1ab97ce403110664 -> 
  custom:audio-decoder-ogg-vorbis: bf7c407c2cedff20999df2af8eb42d56 -> 
  custom:scripting/monoscript/fileName/Online_Ball.cs: 5c7f8a2d5b4cc83544b4c9a8a25f9072 -> 
  custom:audio-encoder-webm-vorbis: bf7c407c2cedff20999df2af8eb42d56 -> 
========================================================================
Received Import Request.
  Time since last request: 169.993175 seconds.
  path: Assets/Resources/2.prefab
  artifactKey: Guid(9a440c92006712046b0a5dbfb4178cec) Importer(815301076,1909f56bfc062723c751e8b465ee728b)
Start importing Assets/Resources/2.prefab using Guid(9a440c92006712046b0a5dbfb4178cec) Importer(815301076,1909f56bfc062723c751e8b465ee728b)  -> (artifact id: 'a69009b9db960ef789ef9bf00530606f') in 0.129495 seconds
Number of updated asset objects reloaded before import = 0
Number of asset objects unloaded after import = 14
========================================================================
Received Import Request.
  Time since last request: 0.000020 seconds.
  path: Assets/Resources/14.prefab
  artifactKey: Guid(cc0c81e69630b5a43ac699d84d79e1fe) Importer(815301076,1909f56bfc062723c751e8b465ee728b)
Start importing Assets/Resources/14.prefab using Guid(cc0c81e69630b5a43ac699d84d79e1fe) Importer(815301076,1909f56bfc062723c751e8b465ee728b)  -> (artifact id: '018f3dd36ddcd6063ab5620e1426821c') in 0.044847 seconds
Number of updated asset objects reloaded before import = 0
Number of asset objects unloaded after import = 14
========================================================================
Received Import Request.
  Time since last request: 0.000037 seconds.
  path: Assets/Resources/6.prefab
  artifactKey: Guid(5a3ad91413ec43d40bebff54806bfc06) Importer(815301076,1909f56bfc062723c751e8b465ee728b)
Start importing Assets/Resources/6.prefab using Guid(5a3ad91413ec43d40bebff54806bfc06) Importer(815301076,1909f56bfc062723c751e8b465ee728b)  -> (artifact id: 'a2af1f9f2392c86751a8334118c5edab') in 0.044931 seconds
Number of updated asset objects reloaded before import = 0
Number of asset objects unloaded after import = 14
========================================================================
Received Import Request.
  Time since last request: 0.000026 seconds.
  path: Assets/Resources/9.prefab
  artifactKey: Guid(04e49113a1cf4ee4d935de7c2a54a66c) Importer(815301076,1909f56bfc062723c751e8b465ee728b)
Start importing Assets/Resources/9.prefab using Guid(04e49113a1cf4ee4d935de7c2a54a66c) Importer(815301076,1909f56bfc062723c751e8b465ee728b)  -> (artifact id: 'b0658723147617dfc7e55cef1133d9b6') in 0.067282 seconds
Number of updated asset objects reloaded before import = 0
Number of asset objects unloaded after import = 14
========================================================================
Received Import Request.
  Time since last request: 0.000017 seconds.
  path: Assets/Resources/5.prefab
  artifactKey: Guid(ebc149deda44ad94aa342566a8e9df5e) Importer(815301076,1909f56bfc062723c751e8b465ee728b)
Start importing Assets/Resources/5.prefab using Guid(ebc149deda44ad94aa342566a8e9df5e) Importer(815301076,1909f56bfc062723c751e8b465ee728b)  -> (artifact id: '846535b034058c0fdfbd156b7fdd7881') in 0.019461 seconds
Number of updated asset objects reloaded before import = 0
Number of asset objects unloaded after import = 14
========================================================================
Received Import Request.
  Time since last request: 0.000027 seconds.
  path: Assets/Resources/15.prefab
  artifactKey: Guid(ebc281e422b89b24f8872c41b6ff29c7) Importer(815301076,1909f56bfc062723c751e8b465ee728b)
Start importing Assets/Resources/15.prefab using Guid(ebc281e422b89b24f8872c41b6ff29c7) Importer(815301076,1909f56bfc062723c751e8b465ee728b)  -> (artifact id: '9e028debe6a299f31d84af13cd6bb641') in 0.008004 seconds
Number of updated asset objects reloaded before import = 0
Number of asset objects unloaded after import = 14
========================================================================
Received Import Request.
  Time since last request: 0.000017 seconds.
  path: Assets/Resources/7.prefab
  artifactKey: Guid(e45a4e3f5058a7d4ea13d89c0b98f1a0) Importer(815301076,1909f56bfc062723c751e8b465ee728b)
Start importing Assets/Resources/7.prefab using Guid(e45a4e3f5058a7d4ea13d89c0b98f1a0) Importer(815301076,1909f56bfc062723c751e8b465ee728b)  -> (artifact id: 'e875ddc5afb62661b4f81802106de9c6') in 0.006501 seconds
Number of updated asset objects reloaded before import = 0
Number of asset objects unloaded after import = 14
========================================================================
Received Import Request.
  Time since last request: 30.349132 seconds.
  path: Assets/Resources/3.prefab
  artifactKey: Guid(74c30455241e69c45844848a2965d773) Importer(815301076,1909f56bfc062723c751e8b465ee728b)
Start importing Assets/Resources/3.prefab using Guid(74c30455241e69c45844848a2965d773) Importer(815301076,1909f56bfc062723c751e8b465ee728b)  -> (artifact id: '1b9fbb084db3955ac026bc1485d90bf3') in 0.036445 seconds
Number of updated asset objects reloaded before import = 0
Number of asset objects unloaded after import = 14
========================================================================
Received Import Request.
  Time since last request: 0.000024 seconds.
  path: Assets/Resources/12.prefab
  artifactKey: Guid(1c1b3bba3c8861c4a8abf282d258a4e9) Importer(815301076,1909f56bfc062723c751e8b465ee728b)
Start importing Assets/Resources/12.prefab using Guid(1c1b3bba3c8861c4a8abf282d258a4e9) Importer(815301076,1909f56bfc062723c751e8b465ee728b)  -> (artifact id: 'a636d023f365bad83733b6f632b19eee') in 0.007755 seconds
Number of updated asset objects reloaded before import = 0
Number of asset objects unloaded after import = 14
========================================================================
Received Import Request.
  Time since last request: 0.000025 seconds.
  path: Assets/Resources/10.prefab
  artifactKey: Guid(bc69afe1f4c4d094c8ad4aaf735ac5f6) Importer(815301076,1909f56bfc062723c751e8b465ee728b)
Start importing Assets/Resources/10.prefab using Guid(bc69afe1f4c4d094c8ad4aaf735ac5f6) Importer(815301076,1909f56bfc062723c751e8b465ee728b)  -> (artifact id: '889333a53d8d9dc164497cf245be4b19') in 0.008783 seconds
Number of updated asset objects reloaded before import = 0
Number of asset objects unloaded after import = 14
========================================================================
Received Import Request.
  Time since last request: 0.000024 seconds.
  path: Assets/Resources/8.prefab
  artifactKey: Guid(aa82f852eacf7cb47b009e83bd314785) Importer(815301076,1909f56bfc062723c751e8b465ee728b)
Start importing Assets/Resources/8.prefab using Guid(aa82f852eacf7cb47b009e83bd314785) Importer(815301076,1909f56bfc062723c751e8b465ee728b)  -> (artifact id: '46278dfd8eaf0ca4d92ac2394da5d8f2') in 0.007822 seconds
Number of updated asset objects reloaded before import = 0
Number of asset objects unloaded after import = 14
========================================================================
Received Import Request.
  Time since last request: 0.000016 seconds.
  path: Assets/Resources/11.prefab
  artifactKey: Guid(d737d21100beb3847a82d58a8234a778) Importer(815301076,1909f56bfc062723c751e8b465ee728b)
Start importing Assets/Resources/11.prefab using Guid(d737d21100beb3847a82d58a8234a778) Importer(815301076,1909f56bfc062723c751e8b465ee728b)  -> (artifact id: 'f88513c0d67da72e5cad258e14b45ef6') in 0.007308 seconds
Number of updated asset objects reloaded before import = 0
Number of asset objects unloaded after import = 14
========================================================================
Received Import Request.
  Time since last request: 0.000021 seconds.
  path: Assets/Resources/white.prefab
  artifactKey: Guid(5ed58a476dbecc4488b6a10bd889b79b) Importer(815301076,1909f56bfc062723c751e8b465ee728b)
Start importing Assets/Resources/white.prefab using Guid(5ed58a476dbecc4488b6a10bd889b79b) Importer(815301076,1909f56bfc062723c751e8b465ee728b)  -> (artifact id: 'b35c028acf316af654b2586b82df6690') in 0.009099 seconds
Number of updated asset objects reloaded before import = 0
Number of asset objects unloaded after import = 14
========================================================================
Received Import Request.
  Time since last request: 0.000024 seconds.
  path: Assets/Resources/7.prefab
  artifactKey: Guid(e45a4e3f5058a7d4ea13d89c0b98f1a0) Importer(815301076,1909f56bfc062723c751e8b465ee728b)
Start importing Assets/Resources/7.prefab using Guid(e45a4e3f5058a7d4ea13d89c0b98f1a0) Importer(815301076,1909f56bfc062723c751e8b465ee728b)  -> (artifact id: 'b02f4a99bab0849ee8ddba5bcdb525e1') in 0.009656 seconds
Number of updated asset objects reloaded before import = 0
Number of asset objects unloaded after import = 14
========================================================================
Received Import Request.
  Time since last request: 3.716459 seconds.
  path: Assets/Resources/3.prefab
  artifactKey: Guid(74c30455241e69c45844848a2965d773) Importer(815301076,1909f56bfc062723c751e8b465ee728b)
Start importing Assets/Resources/3.prefab using Guid(74c30455241e69c45844848a2965d773) Importer(815301076,1909f56bfc062723c751e8b465ee728b)  -> (artifact id: 'd634b59b4c833873624eed169d1db3f9') in 0.011391 seconds
Number of updated asset objects reloaded before import = 0
Number of asset objects unloaded after import = 14
========================================================================
Received Import Request.
  Time since last request: 0.000020 seconds.
  path: Assets/Resources/12.prefab
  artifactKey: Guid(1c1b3bba3c8861c4a8abf282d258a4e9) Importer(815301076,1909f56bfc062723c751e8b465ee728b)
Start importing Assets/Resources/12.prefab using Guid(1c1b3bba3c8861c4a8abf282d258a4e9) Importer(815301076,1909f56bfc062723c751e8b465ee728b)  -> (artifact id: 'b5ed5eeb8a3fbcf37aa5cb8eeae3c9a7') in 0.008498 seconds
Number of updated asset objects reloaded before import = 0
Number of asset objects unloaded after import = 14
========================================================================
Received Import Request.
  Time since last request: 0.000019 seconds.
  path: Assets/Resources/6.prefab
  artifactKey: Guid(5a3ad91413ec43d40bebff54806bfc06) Importer(815301076,1909f56bfc062723c751e8b465ee728b)
Start importing Assets/Resources/6.prefab using Guid(5a3ad91413ec43d40bebff54806bfc06) Importer(815301076,1909f56bfc062723c751e8b465ee728b)  -> (artifact id: '56bababfbb08b1d0ba28e6d07c774fe5') in 0.009068 seconds
Number of updated asset objects reloaded before import = 0
Number of asset objects unloaded after import = 14
========================================================================
Received Import Request.
  Time since last request: 0.000036 seconds.
  path: Assets/Resources/5.prefab
  artifactKey: Guid(ebc149deda44ad94aa342566a8e9df5e) Importer(815301076,1909f56bfc062723c751e8b465ee728b)
Start importing Assets/Resources/5.prefab using Guid(ebc149deda44ad94aa342566a8e9df5e) Importer(815301076,1909f56bfc062723c751e8b465ee728b)  -> (artifact id: 'a3623e247cfaf1157e1c0accef5a2d41') in 0.021903 seconds
Number of updated asset objects reloaded before import = 0
Number of asset objects unloaded after import = 14
========================================================================
Received Import Request.
  Time since last request: 3.369638 seconds.
  path: Assets/Resources/3.prefab
  artifactKey: Guid(74c30455241e69c45844848a2965d773) Importer(815301076,1909f56bfc062723c751e8b465ee728b)
Start importing Assets/Resources/3.prefab using Guid(74c30455241e69c45844848a2965d773) Importer(815301076,1909f56bfc062723c751e8b465ee728b)  -> (artifact id: 'c10c9175e231f75091302dd9646934bc') in 0.039944 seconds
Number of updated asset objects reloaded before import = 0
Number of asset objects unloaded after import = 14
========================================================================
Received Import Request.
  Time since last request: 0.000034 seconds.
  path: Assets/Resources/12.prefab
  artifactKey: Guid(1c1b3bba3c8861c4a8abf282d258a4e9) Importer(815301076,1909f56bfc062723c751e8b465ee728b)
Start importing Assets/Resources/12.prefab using Guid(1c1b3bba3c8861c4a8abf282d258a4e9) Importer(815301076,1909f56bfc062723c751e8b465ee728b)  -> (artifact id: 'e46b4df66733159e5c1fda0440a41f61') in 0.085203 seconds
Number of updated asset objects reloaded before import = 0
Number of asset objects unloaded after import = 14
========================================================================
Received Import Request.
  Time since last request: 0.000026 seconds.
  path: Assets/Resources/6.prefab
  artifactKey: Guid(5a3ad91413ec43d40bebff54806bfc06) Importer(815301076,1909f56bfc062723c751e8b465ee728b)
Start importing Assets/Resources/6.prefab using Guid(5a3ad91413ec43d40bebff54806bfc06) Importer(815301076,1909f56bfc062723c751e8b465ee728b)  -> (artifact id: '0ae4e8605aaab233e953c0c5107dc900') in 0.059689 seconds
Number of updated asset objects reloaded before import = 0
Number of asset objects unloaded after import = 14
========================================================================
Received Import Request.
  Time since last request: 0.000020 seconds.
  path: Assets/Resources/7.prefab
  artifactKey: Guid(e45a4e3f5058a7d4ea13d89c0b98f1a0) Importer(815301076,1909f56bfc062723c751e8b465ee728b)
Start importing Assets/Resources/7.prefab using Guid(e45a4e3f5058a7d4ea13d89c0b98f1a0) Importer(815301076,1909f56bfc062723c751e8b465ee728b)  -> (artifact id: '3cb003e8d9a5213597f208e1f5fbfe97') in 0.008238 seconds
Number of updated asset objects reloaded before import = 0
Number of asset objects unloaded after import = 14
========================================================================
Received Prepare
Refreshing native plugins compatible for Editor in 6.82 ms, found 7 plugins.
Preloading 0 native plugins for Editor in 0.00 ms.
Unloading 0 Unused Serialized files (Serialized files now loaded: 0)
Unloading 1 unused Assets / (0.8 KB). Loaded Objects now: 3705.
Memory consumption went from 75.3 MB to 75.3 MB.
Total: 4.823500 ms (FindLiveObjects: 0.359900 ms CreateObjectMapping: 0.208200 ms MarkObjects: 4.226500 ms  DeleteObjects: 0.027800 ms)

Prepare: number of updated asset objects reloaded= 0
AssetImportParameters requested are different than current active one (requested -> active):
  custom:container-demuxer-ogg: 62fdf1f143b41e24485cea50d1cbac27 -> 
  custom:video-codec-MediaFoundation-h265: 746d11721c4dcdbdad8f713fa42b33f4 -> 
  custom:video-decoder-ogg-theora: a1e56fd34408186e4bbccfd4996cb3dc -> 
  custom:framework-win-MediaFoundation: 216162199b28c13a410421893ffa2e32 -> 
  custom:CustomObjectIndexerAttribute: 756ad292c208cfabdd7b50bc23989ffe -> 
  custom:container-demuxer-webm: 4f35f7cbe854078d1ac9338744f61a02 -> 
  custom:container-muxer-webm: aa71ff27fc2769a1b78a27578f13a17b -> 
  custom:video-decoder-webm-vp8: 9c59270c3fd7afecdb556c50c9e8de78 -> 
  custom:AudioImporter_EditorPlatform: d09bf68614088b80899f8185d706f6e7 -> 
  custom:video-encoder-webm-vp8: eb34c28f22e8b96e1ab97ce403110664 -> 
  custom:audio-decoder-ogg-vorbis: bf7c407c2cedff20999df2af8eb42d56 -> 
  custom:scripting/monoscript/fileName/Online_Ball.cs: 5c7f8a2d5b4cc83544b4c9a8a25f9072 -> 
  custom:audio-encoder-webm-vorbis: bf7c407c2cedff20999df2af8eb42d56 -> 
========================================================================
Received Import Request.
  Time since last request: 159.518587 seconds.
  path: Assets/Resources/3.prefab
  artifactKey: Guid(74c30455241e69c45844848a2965d773) Importer(815301076,1909f56bfc062723c751e8b465ee728b)
Start importing Assets/Resources/3.prefab using Guid(74c30455241e69c45844848a2965d773) Importer(815301076,1909f56bfc062723c751e8b465ee728b)  -> (artifact id: '68f83d3cdb11a14ca39190a305510201') in 0.012853 seconds
Number of updated asset objects reloaded before import = 0
Number of asset objects unloaded after import = 13
========================================================================
Received Import Request.
  Time since last request: 0.000023 seconds.
  path: Assets/Resources/8.prefab
  artifactKey: Guid(aa82f852eacf7cb47b009e83bd314785) Importer(815301076,1909f56bfc062723c751e8b465ee728b)
Start importing Assets/Resources/8.prefab using Guid(aa82f852eacf7cb47b009e83bd314785) Importer(815301076,1909f56bfc062723c751e8b465ee728b)  -> (artifact id: '6b03e5c1209f8f2b8e10a98d17192a52') in 0.054840 seconds
Number of updated asset objects reloaded before import = 0
Number of asset objects unloaded after import = 13
========================================================================
Received Import Request.
  Time since last request: 0.000025 seconds.
  path: Assets/Resources/12.prefab
  artifactKey: Guid(1c1b3bba3c8861c4a8abf282d258a4e9) Importer(815301076,1909f56bfc062723c751e8b465ee728b)
Start importing Assets/Resources/12.prefab using Guid(1c1b3bba3c8861c4a8abf282d258a4e9) Importer(815301076,1909f56bfc062723c751e8b465ee728b)  -> (artifact id: 'aa4ee8c35d7c8c371bba9f374dce1bb4') in 0.010409 seconds
Number of updated asset objects reloaded before import = 0
Number of asset objects unloaded after import = 13
========================================================================
Received Import Request.
  Time since last request: 0.000027 seconds.
  path: Assets/Resources/14.prefab
  artifactKey: Guid(cc0c81e69630b5a43ac699d84d79e1fe) Importer(815301076,1909f56bfc062723c751e8b465ee728b)
Start importing Assets/Resources/14.prefab using Guid(cc0c81e69630b5a43ac699d84d79e1fe) Importer(815301076,1909f56bfc062723c751e8b465ee728b)  -> (artifact id: '55ae09d9c0ed5121199059402fbee81f') in 0.010334 seconds
Number of updated asset objects reloaded before import = 0
Number of asset objects unloaded after import = 13
========================================================================
Received Import Request.
  Time since last request: 0.000026 seconds.
  path: Assets/Resources/9.prefab
  artifactKey: Guid(04e49113a1cf4ee4d935de7c2a54a66c) Importer(815301076,1909f56bfc062723c751e8b465ee728b)
Start importing Assets/Resources/9.prefab using Guid(04e49113a1cf4ee4d935de7c2a54a66c) Importer(815301076,1909f56bfc062723c751e8b465ee728b)  -> (artifact id: '5411389cc32ffb04cc95891be9f9ad07') in 0.010360 seconds
Number of updated asset objects reloaded before import = 0
Number of asset objects unloaded after import = 13
========================================================================
Received Import Request.
  Time since last request: 0.000034 seconds.
  path: Assets/Resources/5.prefab
  artifactKey: Guid(ebc149deda44ad94aa342566a8e9df5e) Importer(815301076,1909f56bfc062723c751e8b465ee728b)
Start importing Assets/Resources/5.prefab using Guid(ebc149deda44ad94aa342566a8e9df5e) Importer(815301076,1909f56bfc062723c751e8b465ee728b)  -> (artifact id: '37d7c09daeff623bb30faf5598f6e473') in 0.010908 seconds
Number of updated asset objects reloaded before import = 0
Number of asset objects unloaded after import = 13
========================================================================
Received Import Request.
  Time since last request: 0.000021 seconds.
  path: Assets/Resources/white.prefab
  artifactKey: Guid(5ed58a476dbecc4488b6a10bd889b79b) Importer(815301076,1909f56bfc062723c751e8b465ee728b)
Start importing Assets/Resources/white.prefab using Guid(5ed58a476dbecc4488b6a10bd889b79b) Importer(815301076,1909f56bfc062723c751e8b465ee728b)  -> (artifact id: 'c34215c3b5b94bd2c74847c313f7750b') in 0.008422 seconds
Number of updated asset objects reloaded before import = 0
Number of asset objects unloaded after import = 13
========================================================================
Received Import Request.
  Time since last request: 0.000024 seconds.
  path: Assets/Resources/7.prefab
  artifactKey: Guid(e45a4e3f5058a7d4ea13d89c0b98f1a0) Importer(815301076,1909f56bfc062723c751e8b465ee728b)
Start importing Assets/Resources/7.prefab using Guid(e45a4e3f5058a7d4ea13d89c0b98f1a0) Importer(815301076,1909f56bfc062723c751e8b465ee728b)  -> (artifact id: 'b29bb7cf8b6199a67c4f3ee32288851a') in 0.009879 seconds
Number of updated asset objects reloaded before import = 0
Number of asset objects unloaded after import = 13
========================================================================
Received Import Request.
  Time since last request: 3.986274 seconds.
  path: Assets/Resources/2.prefab
  artifactKey: Guid(9a440c92006712046b0a5dbfb4178cec) Importer(815301076,1909f56bfc062723c751e8b465ee728b)
Start importing Assets/Resources/2.prefab using Guid(9a440c92006712046b0a5dbfb4178cec) Importer(815301076,1909f56bfc062723c751e8b465ee728b)  -> (artifact id: '69efeb07a5ad413b3855c820feebdfdb') in 0.023031 seconds
Number of updated asset objects reloaded before import = 0
Number of asset objects unloaded after import = 14
========================================================================
Received Import Request.
  Time since last request: 0.000031 seconds.
  path: Assets/Resources/3.prefab
  artifactKey: Guid(74c30455241e69c45844848a2965d773) Importer(815301076,1909f56bfc062723c751e8b465ee728b)
Start importing Assets/Resources/3.prefab using Guid(74c30455241e69c45844848a2965d773) Importer(815301076,1909f56bfc062723c751e8b465ee728b)  -> (artifact id: '3357321ed950b2a7e91f44ea4a23a784') in 0.012465 seconds
Number of updated asset objects reloaded before import = 0
Number of asset objects unloaded after import = 14
========================================================================
Received Import Request.
  Time since last request: 0.000052 seconds.
  path: Assets/Resources/13.prefab
  artifactKey: Guid(fc587b2b445c5704e99d664052a8d373) Importer(815301076,1909f56bfc062723c751e8b465ee728b)
Start importing Assets/Resources/13.prefab using Guid(fc587b2b445c5704e99d664052a8d373) Importer(815301076,1909f56bfc062723c751e8b465ee728b)  -> (artifact id: '9e82d378d57629da0387e9ebe8ff6b90') in 0.013426 seconds
Number of updated asset objects reloaded before import = 0
Number of asset objects unloaded after import = 14
========================================================================
Received Import Request.
  Time since last request: 0.000045 seconds.
  path: Assets/Resources/14.prefab
  artifactKey: Guid(cc0c81e69630b5a43ac699d84d79e1fe) Importer(815301076,1909f56bfc062723c751e8b465ee728b)
Start importing Assets/Resources/14.prefab using Guid(cc0c81e69630b5a43ac699d84d79e1fe) Importer(815301076,1909f56bfc062723c751e8b465ee728b)  -> (artifact id: '6434b4da65aab2a716d1cd9ef0d3fb3d') in 0.018832 seconds
Number of updated asset objects reloaded before import = 0
Number of asset objects unloaded after import = 14
========================================================================
Received Import Request.
  Time since last request: 0.000027 seconds.
  path: Assets/Resources/9.prefab
  artifactKey: Guid(04e49113a1cf4ee4d935de7c2a54a66c) Importer(815301076,1909f56bfc062723c751e8b465ee728b)
Start importing Assets/Resources/9.prefab using Guid(04e49113a1cf4ee4d935de7c2a54a66c) Importer(815301076,1909f56bfc062723c751e8b465ee728b)  -> (artifact id: '11b9bd30013edd98ea72bc5b6d04d4b1') in 0.033589 seconds
Number of updated asset objects reloaded before import = 0
Number of asset objects unloaded after import = 14
========================================================================
Received Import Request.
  Time since last request: 0.000025 seconds.
  path: Assets/Resources/11.prefab
  artifactKey: Guid(d737d21100beb3847a82d58a8234a778) Importer(815301076,1909f56bfc062723c751e8b465ee728b)
Start importing Assets/Resources/11.prefab using Guid(d737d21100beb3847a82d58a8234a778) Importer(815301076,1909f56bfc062723c751e8b465ee728b)  -> (artifact id: 'c9067ecb62ea85f0f912e44d332447fb') in 0.038391 seconds
Number of updated asset objects reloaded before import = 0
Number of asset objects unloaded after import = 14
========================================================================
Received Import Request.
  Time since last request: 0.000061 seconds.
  path: Assets/Resources/white.prefab
  artifactKey: Guid(5ed58a476dbecc4488b6a10bd889b79b) Importer(815301076,1909f56bfc062723c751e8b465ee728b)
Start importing Assets/Resources/white.prefab using Guid(5ed58a476dbecc4488b6a10bd889b79b) Importer(815301076,1909f56bfc062723c751e8b465ee728b)  -> (artifact id: '1c79752a410f509e151afd489b90fed5') in 0.045622 seconds
Number of updated asset objects reloaded before import = 0
Number of asset objects unloaded after import = 14
Editor requested this worker to shutdown with reason: Scaling down because of idle timeout
TcpMessagingSession - receive error: operation aborted. errorcode: 995, details: The I/O operation has been aborted because of either a thread exit or an application request.
AssetImportWorker is now disconnected from the server
Process exiting
Exiting without the bug reporter. Application will terminate with return code 0