Using pre-set license
Built from '2022.3/staging' branch; Version is '2022.3.4f1 (35713cd46cd7) revision 3502396'; Using compiler version '192829333'; Build Type 'Release'
OS: 'Windows 11  (10.0.22631) 64bit CoreSingleLanguage' Language: 'en' Physical Memory: 7421 MB
BatchMode: 1, IsHumanControllingUs: 0, StartBugReporterOnCrash: 0, Is64bit: 1, IsPro: 1

COMMAND LINE ARGUMENTS:
E:\Unity\2022.3.4f1\Editor\Unity.exe
-adb2
-batchMode
-noUpm
-name
AssetImportWorker5
-projectPath
E:/Workspace/Billiard-3D/Billiard
-logFile
Logs/AssetImportWorker5.log
-srvPort
52945
Successfully changed project path to: E:/Workspace/Billiard-3D/Billiard
E:/Workspace/Billiard-3D/Billiard
[UnityMemory] Configuration Parameters - Can be set up in boot.config
    "memorysetup-bucket-allocator-granularity=16"
    "memorysetup-bucket-allocator-bucket-count=8"
    "memorysetup-bucket-allocator-block-size=33554432"
    "memorysetup-bucket-allocator-block-count=8"
    "memorysetup-main-allocator-block-size=16777216"
    "memorysetup-thread-allocator-block-size=16777216"
    "memorysetup-gfx-main-allocator-block-size=16777216"
    "memorysetup-gfx-thread-allocator-block-size=16777216"
    "memorysetup-cache-allocator-block-size=4194304"
    "memorysetup-typetree-allocator-block-size=2097152"
    "memorysetup-profiler-bucket-allocator-granularity=16"
    "memorysetup-profiler-bucket-allocator-bucket-count=8"
    "memorysetup-profiler-bucket-allocator-block-size=33554432"
    "memorysetup-profiler-bucket-allocator-block-count=8"
    "memorysetup-profiler-allocator-block-size=16777216"
    "memorysetup-profiler-editor-allocator-block-size=1048576"
    "memorysetup-temp-allocator-size-main=16777216"
    "memorysetup-job-temp-allocator-block-size=2097152"
    "memorysetup-job-temp-allocator-block-size-background=1048576"
    "memorysetup-job-temp-allocator-reduction-small-platforms=262144"
    "memorysetup-allocator-temp-initial-block-size-main=262144"
    "memorysetup-allocator-temp-initial-block-size-worker=262144"
    "memorysetup-temp-allocator-size-background-worker=32768"
    "memorysetup-temp-allocator-size-job-worker=262144"
    "memorysetup-temp-allocator-size-preload-manager=33554432"
    "memorysetup-temp-allocator-size-nav-mesh-worker=65536"
    "memorysetup-temp-allocator-size-audio-worker=65536"
    "memorysetup-temp-allocator-size-cloud-worker=32768"
    "memorysetup-temp-allocator-size-gi-baking-worker=262144"
    "memorysetup-temp-allocator-size-gfx=262144"
Player connection [32260] Host "[IP] 26.205.146.86 [Port] 0 [Flags] 2 [Guid] 2703654396 [EditorId] 2703654396 [Version] 1048832 [Id] WindowsEditor(7,LAPTOP-LUB6K53Q) [Debug] 1 [PackageName] WindowsEditor [ProjectName] Editor" joined multi-casting on [225.0.0.222:54997]...

Player connection [32260] Host "[IP] 26.205.146.86 [Port] 0 [Flags] 2 [Guid] 2703654396 [EditorId] 2703654396 [Version] 1048832 [Id] WindowsEditor(7,LAPTOP-LUB6K53Q) [Debug] 1 [PackageName] WindowsEditor [ProjectName] Editor" joined alternative multi-casting on [225.0.0.222:34997]...

Refreshing native plugins compatible for Editor in 42.40 ms, found 7 plugins.
Preloading 0 native plugins for Editor in 0.00 ms.
Initialize engine version: 2022.3.4f1 (35713cd46cd7)
[Subsystems] Discovering subsystems at path E:/Unity/2022.3.4f1/Editor/Data/Resources/UnitySubsystems
[Subsystems] Discovering subsystems at path E:/Workspace/Billiard-3D/Billiard/Assets
GfxDevice: creating device client; threaded=0; jobified=0
Direct3D:
    Version:  Direct3D 11.0 [level 11.1]
    Renderer: NVIDIA GeForce RTX 3050 Ti Laptop GPU (ID=0x25a0)
    Vendor:   NVIDIA
    VRAM:     3977 MB
    Driver:   31.0.15.4680
Initialize mono
Mono path[0] = 'E:/Unity/2022.3.4f1/Editor/Data/Managed'
Mono path[1] = 'E:/Unity/2022.3.4f1/Editor/Data/MonoBleedingEdge/lib/mono/unityjit-win32'
Mono config path = 'E:/Unity/2022.3.4f1/Editor/Data/MonoBleedingEdge/etc'
Using monoOptions --debugger-agent=transport=dt_socket,embedding=1,server=y,suspend=n,address=127.0.0.1:56760
Begin MonoManager ReloadAssembly
Registering precompiled unity dll's ...
Register platform support module: E:/Unity/2022.3.4f1/Editor/Data/PlaybackEngines/WebGLSupport/UnityEditor.WebGL.Extensions.dll
Register platform support module: E:/Unity/2022.3.4f1/Editor/Data/PlaybackEngines/WindowsStandaloneSupport/UnityEditor.WindowsStandalone.Extensions.dll
Registered in 0.004812 seconds.
- Loaded All Assemblies, in  0.326 seconds
Native extension for WindowsStandalone target not found
Native extension for WebGL target not found
Mono: successfully reloaded assembly
- Finished resetting the current domain, in  0.236 seconds
Domain Reload Profiling: 561ms
	BeginReloadAssembly (124ms)
		ExecutionOrderSort (0ms)
		DisableScriptedObjects (0ms)
		BackupInstance (0ms)
		ReleaseScriptingObjects (0ms)
		CreateAndSetChildDomain (1ms)
	RebuildCommonClasses (29ms)
	RebuildNativeTypeToScriptingClass (8ms)
	initialDomainReloadingComplete (44ms)
	LoadAllAssembliesAndSetupDomain (120ms)
		LoadAssemblies (122ms)
		RebuildTransferFunctionScriptingTraits (0ms)
		AnalyzeDomain (118ms)
			TypeCache.Refresh (117ms)
				TypeCache.ScanAssembly (104ms)
			ScanForSourceGeneratedMonoScriptInfo (0ms)
			ResolveRequiredComponents (1ms)
	FinalizeReload (236ms)
		ReleaseScriptCaches (0ms)
		RebuildScriptCaches (0ms)
		SetupLoadedEditorAssemblies (184ms)
			LogAssemblyErrors (0ms)
			InitializePlatformSupportModulesInManaged (7ms)
			SetLoadedEditorAssemblies (5ms)
			RefreshPlugins (0ms)
			BeforeProcessingInitializeOnLoad (2ms)
			ProcessInitializeOnLoadAttributes (127ms)
			ProcessInitializeOnLoadMethodAttributes (43ms)
			AfterProcessingInitializeOnLoad (0ms)
			EditorAssembliesLoaded (0ms)
		ExecutionOrderSort2 (0ms)
		AwakeInstancesAfterBackupRestoration (0ms)
========================================================================
Worker process is ready to serve import requests
Begin MonoManager ReloadAssembly
Symbol file LoadedFromMemory doesn't match image E:\Workspace\Billiard-3D\Billiard\Library\PackageCache\com.unity.visualscripting@1.8.0\Editor\VisualScripting.Core\Dependencies\YamlDotNet\Unity.VisualScripting.YamlDotNet.dll
Assembly 'Assets/ExternalDependencyManager/Editor/1.2.179/Google.IOSResolver.dll' will not be loaded due to errors:
Unable to resolve reference 'UnityEditor.iOS.Extensions.Xcode'. Is the assembly missing or incompatible with the current platform?
Reference validation can be disabled in the Plugin Inspector.
Symbol file LoadedFromMemory doesn't match image E:\Workspace\Billiard-3D\Billiard\Library\PackageCache\com.unity.visualscripting@1.8.0\Editor\VisualScripting.Core\Dependencies\DotNetZip\Unity.VisualScripting.IonicZip.dll
Assembly 'Assets/Firebase/Editor/Firebase.Editor.dll' will not be loaded due to errors:
Unable to resolve reference 'UnityEditor.iOS.Extensions.Xcode'. Is the assembly missing or incompatible with the current platform?
Reference validation can be disabled in the Plugin Inspector.
- Loaded All Assemblies, in 10.613 seconds
Refreshing native plugins compatible for Editor in 10.52 ms, found 7 plugins.
Native extension for WindowsStandalone target not found
Native extension for WebGL target not found
Mono: successfully reloaded assembly
- Finished resetting the current domain, in  0.478 seconds
Domain Reload Profiling: 11091ms
	BeginReloadAssembly (9295ms)
		ExecutionOrderSort (0ms)
		DisableScriptedObjects (5ms)
		BackupInstance (0ms)
		ReleaseScriptingObjects (0ms)
		CreateAndSetChildDomain (99ms)
	RebuildCommonClasses (25ms)
	RebuildNativeTypeToScriptingClass (8ms)
	initialDomainReloadingComplete (701ms)
	LoadAllAssembliesAndSetupDomain (585ms)
		LoadAssemblies (9491ms)
		RebuildTransferFunctionScriptingTraits (0ms)
		AnalyzeDomain (251ms)
			TypeCache.Refresh (235ms)
				TypeCache.ScanAssembly (223ms)
			ScanForSourceGeneratedMonoScriptInfo (13ms)
			ResolveRequiredComponents (3ms)
	FinalizeReload (478ms)
		ReleaseScriptCaches (0ms)
		RebuildScriptCaches (0ms)
		SetupLoadedEditorAssemblies (349ms)
			LogAssemblyErrors (0ms)
			InitializePlatformSupportModulesInManaged (4ms)
			SetLoadedEditorAssemblies (2ms)
			RefreshPlugins (0ms)
			BeforeProcessingInitializeOnLoad (43ms)
			ProcessInitializeOnLoadAttributes (273ms)
			ProcessInitializeOnLoadMethodAttributes (24ms)
			AfterProcessingInitializeOnLoad (2ms)
			EditorAssembliesLoaded (0ms)
		ExecutionOrderSort2 (0ms)
		AwakeInstancesAfterBackupRestoration (7ms)
Launched and connected shader compiler UnityShaderCompiler.exe after 0.05 seconds
Refreshing native plugins compatible for Editor in 4.66 ms, found 7 plugins.
Preloading 0 native plugins for Editor in 0.00 ms.
Unloading 3245 Unused Serialized files (Serialized files now loaded: 0)
Unloading 69 unused Assets / (73.2 KB). Loaded Objects now: 3690.
Memory consumption went from 125.5 MB to 125.4 MB.
Total: 3.821300 ms (FindLiveObjects: 0.291700 ms CreateObjectMapping: 0.110400 ms MarkObjects: 3.231900 ms  DeleteObjects: 0.186200 ms)

AssetImportParameters requested are different than current active one (requested -> active):
  custom:container-demuxer-ogg: 62fdf1f143b41e24485cea50d1cbac27 -> 
  custom:video-codec-MediaFoundation-h265: 746d11721c4dcdbdad8f713fa42b33f4 -> 
  custom:video-decoder-ogg-theora: a1e56fd34408186e4bbccfd4996cb3dc -> 
  custom:framework-win-MediaFoundation: 216162199b28c13a410421893ffa2e32 -> 
  custom:CustomObjectIndexerAttribute: 756ad292c208cfabdd7b50bc23989ffe -> 
  custom:container-demuxer-webm: 4f35f7cbe854078d1ac9338744f61a02 -> 
  custom:container-muxer-webm: aa71ff27fc2769a1b78a27578f13a17b -> 
  custom:video-decoder-webm-vp8: 9c59270c3fd7afecdb556c50c9e8de78 -> 
  custom:AudioImporter_EditorPlatform: d09bf68614088b80899f8185d706f6e7 -> 
  custom:video-encoder-webm-vp8: eb34c28f22e8b96e1ab97ce403110664 -> 
  custom:audio-decoder-ogg-vorbis: bf7c407c2cedff20999df2af8eb42d56 -> 
  custom:scripting/monoscript/fileName/NetworkedPrefab.cs: 3b68b6524a25c4dd27575fc85d31117a -> 
  custom:scripting/monoscript/fileName/BallInitializer.cs: de740e7d173a47844d0fb49986391b22 -> 1d07e16f96282c589a2d1b1336a932a2
  custom:scripting/monoscript/fileName/MasterManager.cs: 9491d459fd03970af1f092c3af170e21 -> 
  custom:scripting/monoscript/fileName/GameSettings.cs: e3d4c793fe5c03ca9e28c0a689332b6f -> 
  custom:scripting/monoscript/fileName/SingletonScriptableObject.cs: 90647cc400823b41df847a6cbfc29026 -> 
  custom:audio-encoder-webm-vorbis: bf7c407c2cedff20999df2af8eb42d56 -> 
========================================================================
Received Import Request.
  Time since last request: 77436.658358 seconds.
  path: Assets/Resources/5.prefab
  artifactKey: Guid(88c2a733a36a8e14881ba8384caaff2f) Importer(815301076,1909f56bfc062723c751e8b465ee728b)
Start importing Assets/Resources/5.prefab using Guid(88c2a733a36a8e14881ba8384caaff2f) Importer(815301076,1909f56bfc062723c751e8b465ee728b)  -> (artifact id: 'a906af4b79cf36e31a8dc40a3da07ce6') in 0.099990 seconds
Number of updated asset objects reloaded before import = 0
Number of asset objects unloaded after import = 15
========================================================================
Received Import Request.
  Time since last request: 49.842199 seconds.
  path: Assets/Pool_Table_Pack/Models/floor.fbx
  artifactKey: Guid(525709ae9b7e7864d9e746629ad63eef) Importer(815301076,1909f56bfc062723c751e8b465ee728b)
Start importing Assets/Pool_Table_Pack/Models/floor.fbx using Guid(525709ae9b7e7864d9e746629ad63eef) Importer(815301076,1909f56bfc062723c751e8b465ee728b)  -> (artifact id: '94d72857384e12c921b131abe2250cf0') in 0.051367 seconds
Number of updated asset objects reloaded before import = 0
Number of asset objects unloaded after import = 9
========================================================================
Received Import Request.
  Time since last request: 0.000028 seconds.
  path: Assets/Pool_Table_Pack/Models/triangle.fbx
  artifactKey: Guid(e3b77f0ad592a2947a058c693bf8cd30) Importer(815301076,1909f56bfc062723c751e8b465ee728b)
Start importing Assets/Pool_Table_Pack/Models/triangle.fbx using Guid(e3b77f0ad592a2947a058c693bf8cd30) Importer(815301076,1909f56bfc062723c751e8b465ee728b)  -> (artifact id: '50f19e3f128c29bd0dbfee915e59bb6f') in 0.025164 seconds
Number of updated asset objects reloaded before import = 0
Number of asset objects unloaded after import = 8
========================================================================
Received Import Request.
  Time since last request: 0.000028 seconds.
  path: Assets/Pool_Table_Pack/Models/pool_table_01.fbx
  artifactKey: Guid(4432737f4ab31244e91e2b784cf42beb) Importer(815301076,1909f56bfc062723c751e8b465ee728b)
Start importing Assets/Pool_Table_Pack/Models/pool_table_01.fbx using Guid(4432737f4ab31244e91e2b784cf42beb) Importer(815301076,1909f56bfc062723c751e8b465ee728b)  -> (artifact id: 'fe14b5ad93860fbee96951a53ecfb74d') in 0.180955 seconds
Number of updated asset objects reloaded before import = 0
Number of asset objects unloaded after import = 28
========================================================================
Received Import Request.
  Time since last request: 11.568232 seconds.
  path: Assets/Materials/Conversao.mat
  artifactKey: Guid(535aa3b7c80de114d9a887fd4447b0f9) Importer(815301076,1909f56bfc062723c751e8b465ee728b)
Start importing Assets/Materials/Conversao.mat using Guid(535aa3b7c80de114d9a887fd4447b0f9) Importer(815301076,1909f56bfc062723c751e8b465ee728b)  -> (artifact id: 'de02bc7be244216b67a75693f3ab0e02') in 0.025487 seconds
Number of updated asset objects reloaded before import = 0
Number of asset objects unloaded after import = 1
========================================================================
Received Import Request.
  Time since last request: 0.000033 seconds.
  path: Assets/Materials/MaterialBolaPreta.mat
  artifactKey: Guid(0fba442ef4bc6dc489ff08594c57a575) Importer(815301076,1909f56bfc062723c751e8b465ee728b)
Start importing Assets/Materials/MaterialBolaPreta.mat using Guid(0fba442ef4bc6dc489ff08594c57a575) Importer(815301076,1909f56bfc062723c751e8b465ee728b)  -> (artifact id: '73b35b389ccc92f975365280efd9bb14') in 0.011944 seconds
Number of updated asset objects reloaded before import = 0
Number of asset objects unloaded after import = 2
========================================================================
Received Import Request.
  Time since last request: 0.000040 seconds.
  path: Assets/Materials/PlasticoBranco.mat
  artifactKey: Guid(03aba2f460ae37f46bc8a7bbd3b2ffe0) Importer(815301076,1909f56bfc062723c751e8b465ee728b)
Start importing Assets/Materials/PlasticoBranco.mat using Guid(03aba2f460ae37f46bc8a7bbd3b2ffe0) Importer(815301076,1909f56bfc062723c751e8b465ee728b)  -> (artifact id: '8626b4aae726384033dc4181572d5bbb') in 0.011785 seconds
Number of updated asset objects reloaded before import = 0
Number of asset objects unloaded after import = 1
========================================================================
Received Import Request.
  Time since last request: 0.000061 seconds.
  path: Assets/Materials/MaterialBolaRoxa.mat
  artifactKey: Guid(eae139d24256f97439e6eae0cbd09c35) Importer(815301076,1909f56bfc062723c751e8b465ee728b)
Start importing Assets/Materials/MaterialBolaRoxa.mat using Guid(eae139d24256f97439e6eae0cbd09c35) Importer(815301076,1909f56bfc062723c751e8b465ee728b)  -> (artifact id: '695b48167d1dfd3a4d23243d79e4476a') in 0.011038 seconds
Number of updated asset objects reloaded before import = 0
Number of asset objects unloaded after import = 2
========================================================================
Received Import Request.
  Time since last request: 0.000025 seconds.
  path: Assets/Materials/Metal.mat
  artifactKey: Guid(d0d6ed0c0ebb25a40a3a83606676284f) Importer(815301076,1909f56bfc062723c751e8b465ee728b)
Start importing Assets/Materials/Metal.mat using Guid(d0d6ed0c0ebb25a40a3a83606676284f) Importer(815301076,1909f56bfc062723c751e8b465ee728b)  -> (artifact id: '69e6f36eb64d10ed473d445402b7393a') in 0.008615 seconds
Number of updated asset objects reloaded before import = 0
Number of asset objects unloaded after import = 1
========================================================================
Received Import Request.
  Time since last request: 0.000028 seconds.
  path: Assets/Materials/Lampada.mat
  artifactKey: Guid(2b15d3716c1473c47b743b04a89eff25) Importer(815301076,1909f56bfc062723c751e8b465ee728b)
Start importing Assets/Materials/Lampada.mat using Guid(2b15d3716c1473c47b743b04a89eff25) Importer(815301076,1909f56bfc062723c751e8b465ee728b)  -> (artifact id: '995668b7599e7df0cdf3de117754380e') in 0.008845 seconds
Number of updated asset objects reloaded before import = 0
Number of asset objects unloaded after import = 1
========================================================================
Received Import Request.
  Time since last request: 0.000039 seconds.
  path: Assets/Materials/MaterialBola3.mat
  artifactKey: Guid(a609fb7ff31542649b7dcf6ac93a5664) Importer(815301076,1909f56bfc062723c751e8b465ee728b)
Start importing Assets/Materials/MaterialBola3.mat using Guid(a609fb7ff31542649b7dcf6ac93a5664) Importer(815301076,1909f56bfc062723c751e8b465ee728b)  -> (artifact id: '4fec24a348e31a7c380bbbdc9d548414') in 0.009804 seconds
Number of updated asset objects reloaded before import = 0
Number of asset objects unloaded after import = 2
========================================================================
Received Import Request.
  Time since last request: 0.000027 seconds.
  path: Assets/Materials/MaterialBolaRosa.mat
  artifactKey: Guid(71dcd3678d2146143a9b0c518af57857) Importer(815301076,1909f56bfc062723c751e8b465ee728b)
Start importing Assets/Materials/MaterialBolaRosa.mat using Guid(71dcd3678d2146143a9b0c518af57857) Importer(815301076,1909f56bfc062723c751e8b465ee728b)  -> (artifact id: '13d9f95bf2f8043fe0097e0b2ad0c3cc') in 0.016841 seconds
Number of updated asset objects reloaded before import = 0
Number of asset objects unloaded after import = 2
========================================================================
Received Import Request.
  Time since last request: 0.000031 seconds.
  path: Assets/Materials/Feltro.mat
  artifactKey: Guid(b4c6c0166ad44424fa7da5b92a01b001) Importer(815301076,1909f56bfc062723c751e8b465ee728b)
Start importing Assets/Materials/Feltro.mat using Guid(b4c6c0166ad44424fa7da5b92a01b001) Importer(815301076,1909f56bfc062723c751e8b465ee728b)  -> (artifact id: '6d0ad82578278cc81932c453db807206') in 0.009916 seconds
Number of updated asset objects reloaded before import = 0
Number of asset objects unloaded after import = 1
========================================================================
Received Import Request.
  Time since last request: 0.000051 seconds.
  path: Assets/Materials/Vermelho.mat
  artifactKey: Guid(b69719b07da58b54995c593e47857589) Importer(815301076,1909f56bfc062723c751e8b465ee728b)
Start importing Assets/Materials/Vermelho.mat using Guid(b69719b07da58b54995c593e47857589) Importer(815301076,1909f56bfc062723c751e8b465ee728b)  -> (artifact id: '5857c2c6b2971e62b815785975e73f91') in 0.012343 seconds
Number of updated asset objects reloaded before import = 0
Number of asset objects unloaded after import = 1
========================================================================
Received Import Request.
  Time since last request: 0.000025 seconds.
  path: Assets/Materials/Madeira.001.mat
  artifactKey: Guid(83154c00a578af8489e327e8b67f18b2) Importer(815301076,1909f56bfc062723c751e8b465ee728b)
Start importing Assets/Materials/Madeira.001.mat using Guid(83154c00a578af8489e327e8b67f18b2) Importer(815301076,1909f56bfc062723c751e8b465ee728b)  -> (artifact id: 'a270f3a19f9991c27fe09b93351086d0') in 0.011010 seconds
Number of updated asset objects reloaded before import = 0
Number of asset objects unloaded after import = 1
========================================================================
Received Import Request.
  Time since last request: 0.000040 seconds.
  path: Assets/Materials/MaterialBolaAmarelo.mat
  artifactKey: Guid(cf76aa67a6da1b945aa60c4ace79aff2) Importer(815301076,1909f56bfc062723c751e8b465ee728b)
Start importing Assets/Materials/MaterialBolaAmarelo.mat using Guid(cf76aa67a6da1b945aa60c4ace79aff2) Importer(815301076,1909f56bfc062723c751e8b465ee728b)  -> (artifact id: 'e531d687b068c180902ec50e1de6193d') in 0.014020 seconds
Number of updated asset objects reloaded before import = 0
Number of asset objects unloaded after import = 2
========================================================================
Received Import Request.
  Time since last request: 0.000043 seconds.
  path: Assets/Materials/MaterialBola5.mat
  artifactKey: Guid(dbcd500cfbaed6a4a8203fc958ebef38) Importer(815301076,1909f56bfc062723c751e8b465ee728b)
Start importing Assets/Materials/MaterialBola5.mat using Guid(dbcd500cfbaed6a4a8203fc958ebef38) Importer(815301076,1909f56bfc062723c751e8b465ee728b)  -> (artifact id: 'a73b821729d3937e10a705b2bc37d70b') in 0.014747 seconds
Number of updated asset objects reloaded before import = 0
Number of asset objects unloaded after import = 2
========================================================================
Received Import Request.
  Time since last request: 0.000021 seconds.
  path: Assets/Materials/MaterialBola1.mat
  artifactKey: Guid(13e7b94c5a8026748ae9276dcfc2e610) Importer(815301076,1909f56bfc062723c751e8b465ee728b)
Start importing Assets/Materials/MaterialBola1.mat using Guid(13e7b94c5a8026748ae9276dcfc2e610) Importer(815301076,1909f56bfc062723c751e8b465ee728b)  -> (artifact id: 'bff483a1bb6da35fa958db1dc10d61ac') in 0.016494 seconds
Number of updated asset objects reloaded before import = 0
Number of asset objects unloaded after import = 2
========================================================================
Received Import Request.
  Time since last request: 0.000027 seconds.
  path: Assets/Materials/MaterialBolaVermelha.mat
  artifactKey: Guid(cf4c8da833d3e3e468f205957ca9ef83) Importer(815301076,1909f56bfc062723c751e8b465ee728b)
Start importing Assets/Materials/MaterialBolaVermelha.mat using Guid(cf4c8da833d3e3e468f205957ca9ef83) Importer(815301076,1909f56bfc062723c751e8b465ee728b)  -> (artifact id: '6fa132ce51e4170899a8403eab5e23d7') in 0.013001 seconds
Number of updated asset objects reloaded before import = 0
Number of asset objects unloaded after import = 2
Editor requested this worker to shutdown with reason: Scaling down because of idle timeout
TcpMessagingSession - receive error: operation aborted. errorcode: 995, details: The I/O operation has been aborted because of either a thread exit or an application request.
AssetImportWorker is now disconnected from the server
Process exiting
Exiting without the bug reporter. Application will terminate with return code 0